Log file open, 01/16/17 13:39:03
LogInit:Display: Running engine for game: TPSMulti
LogPlatformFile: Not using cached read wrapper
LogInit:Display: RandInit(-1219785278) SRandInit(-1219785278).
LogInit: Using version manifest at CL 0 with build ID '3a038f64-1b05-45d3-b82a-a18e30cdf0a8'
LogTaskGraph: Started task graph with 5 named threads and 14 total threads with 1 sets of task threads.
LogStats: Stats thread started at 0.158145
LogPluginManager: Loaded Plugin Paper2D, From C:/Users/hutia/Documents/UnrealEngine-release/Engine/Plugins/2D/Paper2D/Paper2D.uplugin
LogPluginManager: Loaded Plugin LightPropagationVolume, From C:/Users/hutia/Documents/UnrealEngine-release/Engine/Plugins/Blendables/LightPropagationVolume/LightPropagationVolume.uplugin
LogPluginManager: Loaded Plugin BlankPlugin, From C:/Users/hutia/Documents/UnrealEngine-release/Engine/Plugins/Developer/BlankPlugin/BlankPlugin.uplugin
LogPluginManager: Loaded Plugin CodeLiteSourceCodeAccess, From C:/Users/hutia/Documents/UnrealEngine-release/Engine/Plugins/Developer/CodeLiteSourceCodeAccess/CodeLiteSourceCodeAccess.uplugin
LogPluginManager: Loaded Plugin GitSourceControl, From C:/Users/hutia/Documents/UnrealEngine-release/Engine/Plugins/Developer/GitSourceControl/GitSourceControl.uplugin
LogPluginManager: Loaded Plugin KDevelopSourceCodeAccess, From C:/Users/hutia/Documents/UnrealEngine-release/Engine/Plugins/Developer/KDevelopSourceCodeAccess/KDevelopSourceCodeAccess.uplugin
LogPluginManager: Loaded Plugin NullSourceCodeAccess, From C:/Users/hutia/Documents/UnrealEngine-release/Engine/Plugins/Developer/NullSourceCodeAccess/NullSourceCodeAccess.uplugin
LogPluginManager: Loaded Plugin OneSkyLocalizationService, From C:/Users/hutia/Documents/UnrealEngine-release/Engine/Plugins/Developer/OneSkyLocalizationService/OneSkyLocalizationService.uplugin
LogPluginManager: Loaded Plugin PerforceSourceControl, From C:/Users/hutia/Documents/UnrealEngine-release/Engine/Plugins/Developer/PerforceSourceControl/PerforceSourceControl.uplugin
LogPluginManager: Loaded Plugin SubversionSourceControl, From C:/Users/hutia/Documents/UnrealEngine-release/Engine/Plugins/Developer/SubversionSourceControl/SubversionSourceControl.uplugin
LogPluginManager: Loaded Plugin UObjectPlugin, From C:/Users/hutia/Documents/UnrealEngine-release/Engine/Plugins/Developer/UObjectPlugin/UObjectPlugin.uplugin
LogPluginManager: Loaded Plugin VisualStudioSourceCodeAccess, From C:/Users/hutia/Documents/UnrealEngine-release/Engine/Plugins/Developer/VisualStudioSourceCodeAccess/VisualStudioSourceCodeAccess.uplugin
LogPluginManager: Loaded Plugin XCodeSourceCodeAccess, From C:/Users/hutia/Documents/UnrealEngine-release/Engine/Plugins/Developer/XCodeSourceCodeAccess/XCodeSourceCodeAccess.uplugin
LogPluginManager: Loaded Plugin AudioCapture, From C:/Users/hutia/Documents/UnrealEngine-release/Engine/Plugins/Editor/AudioCapture/AudioCapture.uplugin
LogPluginManager: Loaded Plugin EpicSurvey, From C:/Users/hutia/Documents/UnrealEngine-release/Engine/Plugins/Editor/EpicSurvey/EpicSurvey.uplugin
LogPluginManager: Loaded Plugin MacGraphicsSwitching, From C:/Users/hutia/Documents/UnrealEngine-release/Engine/Plugins/Editor/MacGraphicsSwitching/MacGraphicsSwitching.uplugin
LogPluginManager: Loaded Plugin MobileLauncherProfileWizard, From C:/Users/hutia/Documents/UnrealEngine-release/Engine/Plugins/Editor/MobileLauncherProfileWizard/MobileLauncherProfileWizard.uplugin
LogPluginManager: Loaded Plugin PluginBrowser, From C:/Users/hutia/Documents/UnrealEngine-release/Engine/Plugins/Editor/PluginBrowser/PluginBrowser.uplugin
LogPluginManager: Loaded Plugin SpeedTreeImporter, From C:/Users/hutia/Documents/UnrealEngine-release/Engine/Plugins/Editor/SpeedTreeImporter/SpeedTreeImporter.uplugin
LogPluginManager: Loaded Plugin SuperSearchEditor, From C:/Users/hutia/Documents/UnrealEngine-release/Engine/Plugins/Editor/SuperSearchEditor/SuperSearchEditor.uplugin
LogPluginManager: Loaded Plugin AlembicImporter, From C:/Users/hutia/Documents/UnrealEngine-release/Engine/Plugins/Experimental/AlembicImporter/AlembicImporter.uplugin
LogPluginManager: Loaded Plugin BlueprintStats, From C:/Users/hutia/Documents/UnrealEngine-release/Engine/Plugins/Experimental/BlueprintStats/BlueprintStats.uplugin
LogPluginManager: Loaded Plugin CharacterAI, From C:/Users/hutia/Documents/UnrealEngine-release/Engine/Plugins/Experimental/CharacterAI/CharacterAI.uplugin
LogPluginManager: Loaded Plugin CodeEditor, From C:/Users/hutia/Documents/UnrealEngine-release/Engine/Plugins/Experimental/CodeEditor/CodeEditor.uplugin
LogPluginManager: Loaded Plugin CodeView, From C:/Users/hutia/Documents/UnrealEngine-release/Engine/Plugins/Experimental/CodeView/CodeView.uplugin
LogPluginManager: Loaded Plugin HTML5Networking, From C:/Users/hutia/Documents/UnrealEngine-release/Engine/Plugins/Experimental/HTML5Networking/HTML5Networking.uplugin
LogPluginManager: Loaded Plugin OSVR, From C:/Users/hutia/Documents/UnrealEngine-release/Engine/Plugins/Experimental/OSVR/OSVR.uplugin
LogPluginManager: Loaded Plugin Phya, From C:/Users/hutia/Documents/UnrealEngine-release/Engine/Plugins/Experimental/Phya/Phya.uplugin
LogPluginManager: Loaded Plugin SignificanceManager, From C:/Users/hutia/Documents/UnrealEngine-release/Engine/Plugins/Experimental/SignificanceManager/SignificanceManager.uplugin
LogPluginManager: Loaded Plugin SimpleHMD, From C:/Users/hutia/Documents/UnrealEngine-release/Engine/Plugins/Experimental/SimpleHMD/SimpleHMD.uplugin
LogPluginManager: Loaded Plugin StereoPanorama, From C:/Users/hutia/Documents/UnrealEngine-release/Engine/Plugins/Experimental/StereoPanorama/StereoPanorama.uplugin
LogPluginManager: Loaded Plugin StructBox, From C:/Users/hutia/Documents/UnrealEngine-release/Engine/Plugins/Experimental/StructBox/StructBox.uplugin
LogPluginManager: Loaded Plugin AndroidMedia, From C:/Users/hutia/Documents/UnrealEngine-release/Engine/Plugins/Media/AndroidMedia/AndroidMedia.uplugin
LogPluginManager: Loaded Plugin AvfMedia, From C:/Users/hutia/Documents/UnrealEngine-release/Engine/Plugins/Media/AvfMedia/AvfMedia.uplugin
LogPluginManager: Loaded Plugin MediaPlayerEditor, From C:/Users/hutia/Documents/UnrealEngine-release/Engine/Plugins/Media/MediaPlayerEditor/MediaPlayerEditor.uplugin
LogPluginManager: Loaded Plugin WmfMedia, From C:/Users/hutia/Documents/UnrealEngine-release/Engine/Plugins/Media/WmfMedia/WmfMedia.uplugin
LogPluginManager: Loaded Plugin MessagingDebugger, From C:/Users/hutia/Documents/UnrealEngine-release/Engine/Plugins/Messaging/MessagingDebugger/MessagingDebugger.uplugin
LogPluginManager: Loaded Plugin TcpMessaging, From C:/Users/hutia/Documents/UnrealEngine-release/Engine/Plugins/Messaging/TcpMessaging/TcpMessaging.uplugin
LogPluginManager: Loaded Plugin UdpMessaging, From C:/Users/hutia/Documents/UnrealEngine-release/Engine/Plugins/Messaging/UdpMessaging/UdpMessaging.uplugin
LogPluginManager: Loaded Plugin LevelSequenceEditor, From C:/Users/hutia/Documents/UnrealEngine-release/Engine/Plugins/MovieScene/LevelSequenceEditor/LevelSequenceEditor.uplugin
LogPluginManager: Loaded Plugin MatineeToLevelSequence, From C:/Users/hutia/Documents/UnrealEngine-release/Engine/Plugins/MovieScene/MatineeToLevelSequence/MatineeToLevelSequence.uplugin
LogPluginManager: Loaded Plugin NetcodeUnitTest, From C:/Users/hutia/Documents/UnrealEngine-release/Engine/Plugins/NetcodeUnitTest/NetcodeUnitTest/NetcodeUnitTest.uplugin
LogPluginManager: Loaded Plugin NUTUnrealEngine4, From C:/Users/hutia/Documents/UnrealEngine-release/Engine/Plugins/NetcodeUnitTest/NUTUnrealEngine4/NUTUnrealEngine4.uplugin
LogPluginManager: Loaded Plugin OnlineSubsystemGameCircle, From C:/Users/hutia/Documents/UnrealEngine-release/Engine/Plugins/Online/Android/OnlineSubsystemGameCircle/OnlineSubsystemGameCircle.uplugin
LogPluginManager: Loaded Plugin OnlineSubsystemGooglePlay, From C:/Users/hutia/Documents/UnrealEngine-release/Engine/Plugins/Online/Android/OnlineSubsystemGooglePlay/OnlineSubsystemGooglePlay.uplugin
LogPluginManager: Loaded Plugin OnlineSubsystemIOS, From C:/Users/hutia/Documents/UnrealEngine-release/Engine/Plugins/Online/IOS/OnlineSubsystemIOS/OnlineSubsystemIOS.uplugin
LogPluginManager: Loaded Plugin OnlineFramework, From C:/Users/hutia/Documents/UnrealEngine-release/Engine/Plugins/Online/OnlineFramework/OnlineFramework.uplugin
LogPluginManager: Loaded Plugin OnlineSubsystem, From C:/Users/hutia/Documents/UnrealEngine-release/Engine/Plugins/Online/OnlineSubsystem/OnlineSubsystem.uplugin
LogPluginManager: Loaded Plugin OnlineSubsystemAmazon, From C:/Users/hutia/Documents/UnrealEngine-release/Engine/Plugins/Online/OnlineSubsystemAmazon/OnlineSubsystemAmazon.uplugin
LogPluginManager: Loaded Plugin OnlineSubsystemFacebook, From C:/Users/hutia/Documents/UnrealEngine-release/Engine/Plugins/Online/OnlineSubsystemFacebook/OnlineSubsystemFacebook.uplugin
LogPluginManager: Loaded Plugin OnlineSubsystemNull, From C:/Users/hutia/Documents/UnrealEngine-release/Engine/Plugins/Online/OnlineSubsystemNull/OnlineSubsystemNull.uplugin
LogPluginManager: Loaded Plugin OnlineSubsystemOculus, From C:/Users/hutia/Documents/UnrealEngine-release/Engine/Plugins/Online/OnlineSubsystemOculus/OnlineSubsystemOculus.uplugin
LogPluginManager: Loaded Plugin OnlineSubsystemSteam, From C:/Users/hutia/Documents/UnrealEngine-release/Engine/Plugins/Online/OnlineSubsystemSteam/OnlineSubsystemSteam.uplugin
LogPluginManager: Loaded Plugin OnlineSubsystemUtils, From C:/Users/hutia/Documents/UnrealEngine-release/Engine/Plugins/Online/OnlineSubsystemUtils/OnlineSubsystemUtils.uplugin
LogPluginManager: Loaded Plugin IOSTapJoy, From C:/Users/hutia/Documents/UnrealEngine-release/Engine/Plugins/Runtime/Advertising/IOSTapJoy/IOSTapJoy.uplugin
LogPluginManager: Loaded Plugin AnalyticsBlueprintLibrary, From C:/Users/hutia/Documents/UnrealEngine-release/Engine/Plugins/Runtime/Analytics/AnalyticsBlueprintLibrary/AnalyticsBlueprintLibrary.uplugin
LogPluginManager: Loaded Plugin AnalyticsMulticast, From C:/Users/hutia/Documents/UnrealEngine-release/Engine/Plugins/Runtime/Analytics/AnalyticsMulticast/AnalyticsMulticast.uplugin
LogPluginManager: Loaded Plugin Apsalar, From C:/Users/hutia/Documents/UnrealEngine-release/Engine/Plugins/Runtime/Analytics/Apsalar/Apsalar.uplugin
LogPluginManager: Loaded Plugin FileLogging, From C:/Users/hutia/Documents/UnrealEngine-release/Engine/Plugins/Runtime/Analytics/FileLogging/FileLogging.uplugin
LogPluginManager: Loaded Plugin Flurry, From C:/Users/hutia/Documents/UnrealEngine-release/Engine/Plugins/Runtime/Analytics/Flurry/Flurry.uplugin
LogPluginManager: Loaded Plugin AndroidDeviceProfileSelector, From C:/Users/hutia/Documents/UnrealEngine-release/Engine/Plugins/Runtime/AndroidDeviceProfileSelector/AndroidDeviceProfileSelector.uplugin
LogPluginManager: Loaded Plugin AndroidMoviePlayer, From C:/Users/hutia/Documents/UnrealEngine-release/Engine/Plugins/Runtime/AndroidMoviePlayer/AndroidMoviePlayer.uplugin
LogPluginManager: Loaded Plugin AppleMoviePlayer, From C:/Users/hutia/Documents/UnrealEngine-release/Engine/Plugins/Runtime/AppleMoviePlayer/AppleMoviePlayer.uplugin
LogPluginManager: Loaded Plugin ArchVisCharacter, From C:/Users/hutia/Documents/UnrealEngine-release/Engine/Plugins/Runtime/ArchVisCharacter/ArchVisCharacter.uplugin
LogPluginManager: Loaded Plugin CableComponent, From C:/Users/hutia/Documents/UnrealEngine-release/Engine/Plugins/Runtime/CableComponent/CableComponent.uplugin
LogPluginManager: Loaded Plugin CustomMeshComponent, From C:/Users/hutia/Documents/UnrealEngine-release/Engine/Plugins/Runtime/CustomMeshComponent/CustomMeshComponent.uplugin
LogPluginManager: Loaded Plugin ExampleDeviceProfileSelector, From C:/Users/hutia/Documents/UnrealEngine-release/Engine/Plugins/Runtime/ExampleDeviceProfileSelector/ExampleDeviceProfileSelector.uplugin
LogPluginManager: Loaded Plugin GearVR, From C:/Users/hutia/Documents/UnrealEngine-release/Engine/Plugins/Runtime/GearVR/GearVR.uplugin
LogPluginManager: Loaded Plugin GoogleVRController, From C:/Users/hutia/Documents/UnrealEngine-release/Engine/Plugins/Runtime/GoogleVR/GoogleVRController/GoogleVRController.uplugin
LogPluginManager: Loaded Plugin GoogleVRHMD, From C:/Users/hutia/Documents/UnrealEngine-release/Engine/Plugins/Runtime/GoogleVR/GoogleVRHMD/GoogleVRHMD.uplugin
LogPluginManager: Loaded Plugin IOSDeviceProfileSelector, From C:/Users/hutia/Documents/UnrealEngine-release/Engine/Plugins/Runtime/IOSDeviceProfileSelector/IOSDeviceProfileSelector.uplugin
LogPluginManager: Loaded Plugin LeapMotion, From C:/Users/hutia/Documents/UnrealEngine-release/Engine/Plugins/Runtime/LeapMotion/LeapMotion.uplugin
LogPluginManager: Loaded Plugin LinuxDeviceProfileSelector, From C:/Users/hutia/Documents/UnrealEngine-release/Engine/Plugins/Runtime/LinuxDeviceProfileSelector/LinuxDeviceProfileSelector.uplugin
LogPluginManager: Loaded Plugin MIDIDevice, From C:/Users/hutia/Documents/UnrealEngine-release/Engine/Plugins/Runtime/MIDIDevice/MIDIDevice.uplugin
LogPluginManager: Loaded Plugin MobilePatchingUtils, From C:/Users/hutia/Documents/UnrealEngine-release/Engine/Plugins/Runtime/MobilePatchingUtils/MobilePatchingUtils.uplugin
LogPluginManager: Loaded Plugin Ansel, From C:/Users/hutia/Documents/UnrealEngine-release/Engine/Plugins/Runtime/Nvidia/Ansel/Ansel.uplugin
LogPluginManager: Loaded Plugin OculusAudio, From C:/Users/hutia/Documents/UnrealEngine-release/Engine/Plugins/Runtime/OculusAudio/OculusAudio.uplugin
LogPluginManager: Loaded Plugin OculusInput, From C:/Users/hutia/Documents/UnrealEngine-release/Engine/Plugins/Runtime/OculusInput/OculusInput.uplugin
LogPluginManager: Loaded Plugin OculusLibrary, From C:/Users/hutia/Documents/UnrealEngine-release/Engine/Plugins/Runtime/OculusLibrary/OculusLibrary.uplugin
LogPluginManager: Loaded Plugin OculusRift, From C:/Users/hutia/Documents/UnrealEngine-release/Engine/Plugins/Runtime/OculusRift/OculusRift.uplugin
LogPluginManager: Loaded Plugin Oodle, From C:/Users/hutia/Documents/UnrealEngine-release/Engine/Plugins/Runtime/PacketHandlers/CompressionComponents/Oodle/Oodle.uplugin
LogPluginManager: Loaded Plugin ProceduralMeshComponent, From C:/Users/hutia/Documents/UnrealEngine-release/Engine/Plugins/Runtime/ProceduralMeshComponent/ProceduralMeshComponent.uplugin
LogPluginManager: Loaded Plugin SoundMod, From C:/Users/hutia/Documents/UnrealEngine-release/Engine/Plugins/Runtime/SoundMod/SoundMod.uplugin
LogPluginManager: Loaded Plugin SoundVisualizations, From C:/Users/hutia/Documents/UnrealEngine-release/Engine/Plugins/Runtime/SoundVisualizations/SoundVisualizations.uplugin
LogPluginManager: Loaded Plugin SteamController, From C:/Users/hutia/Documents/UnrealEngine-release/Engine/Plugins/Runtime/Steam/SteamController/SteamController.uplugin
LogPluginManager: Loaded Plugin SteamVR, From C:/Users/hutia/Documents/UnrealEngine-release/Engine/Plugins/Runtime/Steam/SteamVR/SteamVR.uplugin
LogPluginManager: Loaded Plugin TwitchLiveStreaming, From C:/Users/hutia/Documents/UnrealEngine-release/Engine/Plugins/Runtime/TwitchLiveStreaming/TwitchLiveStreaming.uplugin
LogPluginManager: Loaded Plugin WebBrowserWidget, From C:/Users/hutia/Documents/UnrealEngine-release/Engine/Plugins/Runtime/WebBrowserWidget/WebBrowserWidget.uplugin
LogPluginManager: Loaded Plugin WindowsDeviceProfileSelector, From C:/Users/hutia/Documents/UnrealEngine-release/Engine/Plugins/Runtime/WindowsDeviceProfileSelector/WindowsDeviceProfileSelector.uplugin
LogPluginManager: Loaded Plugin WindowsMoviePlayer, From C:/Users/hutia/Documents/UnrealEngine-release/Engine/Plugins/Runtime/WindowsMoviePlayer/WindowsMoviePlayer.uplugin
LogPluginManager: Loaded Plugin ScriptPlugin, From C:/Users/hutia/Documents/UnrealEngine-release/Engine/Plugins/ScriptPlugin/ScriptPlugin.uplugin
LogPluginManager: Loaded Plugin SlateRemote, From C:/Users/hutia/Documents/UnrealEngine-release/Engine/Plugins/Slate/SlateRemote/SlateRemote.uplugin
LogPluginManager: Loaded Plugin EditorTests, From C:/Users/hutia/Documents/UnrealEngine-release/Engine/Plugins/Tests/EditorTests/EditorTests.uplugin
LogPluginManager: Loaded Plugin FbxAutomationTestBuilder, From C:/Users/hutia/Documents/UnrealEngine-release/Engine/Plugins/Tests/FbxAutomationTestBuilder/FbxAutomationTestBuilder.uplugin
LogPluginManager: Loaded Plugin FunctionalTestingEditor, From C:/Users/hutia/Documents/UnrealEngine-release/Engine/Plugins/Tests/FunctionalTestingEditor/FunctionalTestingEditor.uplugin
LogPluginManager: Loaded Plugin RuntimeTests, From C:/Users/hutia/Documents/UnrealEngine-release/Engine/Plugins/Tests/RuntimeTests/RuntimeTests.uplugin
LogPluginManager: Loaded Plugin ScreenshotTools, From C:/Users/hutia/Documents/UnrealEngine-release/Engine/Plugins/Tests/ScreenshotTools/ScreenshotTools.uplugin
LogModuleManager:Warning: No filename provided for module XMPP
LogModuleManager:Warning: ModuleManager: Unable to load module 'XMPP' because the file 'C:/Users/hutia/Documents/UnrealEngine-release/Engine/Binaries/Win64/' was not found.
LogInit: Using libcurl 7.47.1
LogInit:  - built for x86_64-pc-win32
LogInit:  - supports SSL with OpenSSL/1.0.2g
LogInit:  - supports HTTP deflate (compression) using libz 1.2.8
LogInit:  - other features:
LogInit:      CURL_VERSION_SSL
LogInit:      CURL_VERSION_LIBZ
LogInit:      CURL_VERSION_IPV6
LogInit:      CURL_VERSION_ASYNCHDNS
LogInit:      CURL_VERSION_LARGEFILE
LogInit:      CURL_VERSION_IDN
LogInit:  CurlRequestOptions (configurable via config and command line):
LogInit:  - bVerifyPeer = false  - Libcurl will NOT verify peer certificate
LogInit:  - bUseHttpProxy = false  - Libcurl will NOT use HTTP proxy
LogInit:  - bDontReuseConnections = false  - Libcurl will reuse connections
LogInit:  - CertBundlePath = nullptr  - Libcurl will use whatever was configured at build time.
LogInit: Build: ++UE4+Release-4.14-CL-0
LogInit: Engine Version: 4.14.3-0+++UE4+Release-4.14
LogInit: Compatible Engine Version: 4.14.0-0+++UE4+Release-4.14
LogInit: Net CL: 0
LogDevObjectVersion: Number of dev versions registered: 13
LogDevObjectVersion:   Dev-Blueprints (B0D832E4-1F89-4F0D-ACCF-7EB736FD4AA2): 7
LogDevObjectVersion:   Dev-Build (E1C64328-A22C-4D53-A36C-8E866417BD8C): 0
LogDevObjectVersion:   Dev-Core (375EC13C-06E4-48FB-B500-84F0262A717E): 1
LogDevObjectVersion:   Dev-Editor (E4B068ED-F494-42E9-A231-DA0B2E46BB41): 8
LogDevObjectVersion:   Dev-Framework (CFFC743F-43B0-4480-9391-14DF171D2073): 17
LogDevObjectVersion:   Dev-Mobile (B02B49B5-BB20-44E9-A304-32B752E40360): 0
LogDevObjectVersion:   Dev-Networking (A4E4105C-59A1-49B5-A7C5-40C4547EDFEE): 0
LogDevObjectVersion:   Dev-Online (39C831C9-5AE6-47DC-9A44-9C173E1C8E7C): 0
LogDevObjectVersion:   Dev-Physics (78F01B33-EBEA-4F98-B9B4-84EACCB95AA2): 0
LogDevObjectVersion:   Dev-Platform (6631380F-2D4D-43E0-8009-CF276956A95A): 0
LogDevObjectVersion:   Dev-Rendering (12F88B9F-8875-4AFC-A67C-D90C383ABD29): 12
LogDevObjectVersion:   Dev-Sequencer (7B5AE74C-D270-4C10-A958-57980B212A5A): 1
LogDevObjectVersion:   Dev-VR (D7296918-1DD6-4BDD-9DE2-64A83CC13884): 0
LogInit: Compiled (64-bit): Jan 12 2017 14:01:02
LogInit: Compiled with Visual C++: 19.00.23506.00
LogInit: Build Configuration: Development
LogInit: Branch Name: ++UE4+Release-4.14
LogInit: Command line:  
LogInit: Base directory: C:/Users/hutia/Documents/UnrealEngine-release/Engine/Binaries/Win64/
LogInit: Installed Engine Build: 0
LogInit: Presizing for max 8388607 objects, including 0 objects not considered by GC, pre-allocating 0 bytes for permanent pool.
LogInit: Object subsystem initialized
[2017.01.16-23.39.03:529][  0]LogInit: Selected Device Profile: [Windows]
[2017.01.16-23.39.03:529][  0]LogInit: Applying CVar settings loaded from the selected device profile: [Windows]
[2017.01.16-23.39.03:544][  0]LogInit: Computer: P3D1-POSTE18
[2017.01.16-23.39.03:544][  0]LogInit: User: hutia
[2017.01.16-23.39.03:544][  0]LogInit: CPU Page size=65536, Cores=10
[2017.01.16-23.39.03:544][  0]LogInit: High frequency timer resolution =2.148433 MHz
[2017.01.16-23.39.03:544][  0]LogMemory: Memory total: Physical=31.9GB (32GB approx)
[2017.01.16-23.39.03:544][  0]LogMemory: Platform Memory Stats for Windows
[2017.01.16-23.39.03:544][  0]LogMemory: Process Physical Memory: 265.17 MB used, 265.17 MB peak
[2017.01.16-23.39.03:544][  0]LogMemory: Process Virtual Memory: 262.32 MB used, 262.32 MB peak
[2017.01.16-23.39.03:544][  0]LogMemory: Physical Memory: 6087.36 MB used,  26582.20 MB free, 32669.56 MB total
[2017.01.16-23.39.03:544][  0]LogMemory: Virtual Memory: 679.91 MB used,  26582.20 MB free, 134217728.00 MB total
[2017.01.16-23.39.03:574][  0]LogTextLocalizationManager: No translations for ('fr-FR') exist, falling back to 'en' for localization and internationalization data.
[2017.01.16-23.39.04:434][  0]LogD3D11RHI: D3D11 adapters:
[2017.01.16-23.39.04:499][  0]LogD3D11RHI:    0. 'NVIDIA GeForce GTX 1080' (Feature Level 11_0)
[2017.01.16-23.39.04:499][  0]LogD3D11RHI:       8144/0/16334 MB DedicatedVideo/DedicatedSystem/SharedSystem, Outputs:2, VendorId:0x10de
[2017.01.16-23.39.04:501][  0]LogD3D11RHI:    1. 'Microsoft Basic Render Driver' (Feature Level 11_0)
[2017.01.16-23.39.04:501][  0]LogD3D11RHI:       0/0/16334 MB DedicatedVideo/DedicatedSystem/SharedSystem, Outputs:0, VendorId:0x1414
[2017.01.16-23.39.04:501][  0]LogD3D11RHI: Chosen D3D11 Adapter: 0
[2017.01.16-23.39.04:512][  0]LogD3D11RHI: Creating new Direct3DDevice
[2017.01.16-23.39.04:512][  0]LogD3D11RHI:     GPU DeviceId: 0x1b80 (for the marketing name, search the web for "GPU Device Id")
[2017.01.16-23.39.04:512][  0]LogWindows: EnumDisplayDevices:
[2017.01.16-23.39.04:512][  0]LogWindows:    0. 'NVIDIA GeForce GTX 1080' (P:1 D:1)
[2017.01.16-23.39.04:513][  0]LogWindows:    1. 'NVIDIA GeForce GTX 1080' (P:0 D:1)
[2017.01.16-23.39.04:513][  0]LogWindows:    2. 'NVIDIA GeForce GTX 1080' (P:0 D:0)
[2017.01.16-23.39.04:513][  0]LogWindows:    3. 'NVIDIA GeForce GTX 1080' (P:0 D:0)
[2017.01.16-23.39.04:514][  0]LogWindows: DebugString: FoundDriverCount:4 
[2017.01.16-23.39.04:514][  0]LogD3D11RHI:     Adapter Name: NVIDIA GeForce GTX 1080
[2017.01.16-23.39.04:514][  0]LogD3D11RHI:   Driver Version: 373.06 (internal:21.21.13.7306, unified:373.06)
[2017.01.16-23.39.04:514][  0]LogD3D11RHI:      Driver Date: 10-1-2016
[2017.01.16-23.39.04:514][  0]LogRHI: Texture pool is 1361 MB (70% of 1945 MB)
[2017.01.16-23.39.04:540][  0]LogD3D11RHI: Async texture creation enabled
[2017.01.16-23.39.04:554][  0]LogD3D11RHI: GPU Timing Frequency: 1000.000000 (Debug: 2 1)
[2017.01.16-23.39.04:555][  0]LogShaderCompilers: Guid format shader working directory is 9 characters bigger than the processId version (../../../../Unreal Projects/TPSMulti/Intermediate/Shaders/WorkingDirectory/13052/).
[2017.01.16-23.39.04:555][  0]LogShaderCompilers: Cleaned the shader compiler working directory 'C:/Users/hutia/AppData/Local/Temp/UnrealShaderWorkingDir/9AF7F2EA4C116299D6CDEDACF9931C82/'.
[2017.01.16-23.39.04:555][  0]LogShaderCompilers:Display: Using Local Shader Compiler.
[2017.01.16-23.39.05:678][  0]LogTemp:Display: Loaded TP MacTargetPlatform
[2017.01.16-23.39.05:732][  0]LogTemp:Display: Loaded TP MacNoEditorTargetPlatform
[2017.01.16-23.39.05:794][  0]LogTemp:Display: Loaded TP MacServerTargetPlatform
[2017.01.16-23.39.05:849][  0]LogTemp:Display: Loaded TP MacClientTargetPlatform
[2017.01.16-23.39.05:913][  0]LogTemp:Display: Loaded TP WindowsTargetPlatform
[2017.01.16-23.39.05:984][  0]LogTemp:Display: Loaded TP WindowsNoEditorTargetPlatform
[2017.01.16-23.39.06:072][  0]LogTemp:Display: Loaded TP WindowsServerTargetPlatform
[2017.01.16-23.39.06:142][  0]LogTemp:Display: Loaded TP WindowsClientTargetPlatform
[2017.01.16-23.39.06:187][  0]LogTemp:Display: Loaded TP AllDesktopTargetPlatform
[2017.01.16-23.39.06:255][  0]LogTemp:Display: Loaded TP AndroidTargetPlatform
[2017.01.16-23.39.06:308][  0]LogTemp:Display: Loaded TP Android_PVRTCTargetPlatform
[2017.01.16-23.39.06:361][  0]LogTemp:Display: Loaded TP Android_ATCTargetPlatform
[2017.01.16-23.39.06:433][  0]LogTemp:Display: Loaded TP Android_DXTTargetPlatform
[2017.01.16-23.39.06:487][  0]LogTemp:Display: Loaded TP Android_ETC1TargetPlatform
[2017.01.16-23.39.06:539][  0]LogTemp:Display: Loaded TP Android_ETC2TargetPlatform
[2017.01.16-23.39.06:593][  0]LogTemp:Display: Loaded TP Android_ASTCTargetPlatform
[2017.01.16-23.39.06:646][  0]LogTemp:Display: Loaded TP Android_MultiTargetPlatform
[2017.01.16-23.39.06:687][  0]LogTemp:Display: Loaded TP HTML5TargetPlatform
[2017.01.16-23.39.06:782][  0]LogTemp:Display: Loaded TP IOSTargetPlatform
[2017.01.16-23.39.06:814][  0]LogTemp:Display: Loaded TP TVOSTargetPlatform
[2017.01.16-23.39.06:814][  0]LogTargetPlatformManager:Display: Building Assets For Windows
[2017.01.16-23.39.07:303][  0]LogDerivedDataCache:Display: Max Cache Size: 512 MB
[2017.01.16-23.39.07:383][  0]LogDerivedDataCache: Loaded boot cache 0.08s 50MB ../../../../Unreal Projects/TPSMulti/DerivedDataCache/Boot.ddc.
[2017.01.16-23.39.07:384][  0]LogDerivedDataCache:Display: Loaded Boot cache: ../../../../Unreal Projects/TPSMulti/DerivedDataCache/Boot.ddc
[2017.01.16-23.39.07:384][  0]LogDerivedDataCache: FDerivedDataBackendGraph:  Pak pak cache file ../../../../Unreal Projects/TPSMulti/DerivedDataCache/DDC.ddp not found, will not use a pak cache.
[2017.01.16-23.39.07:384][  0]LogDerivedDataCache: Unable to find inner node Pak for hierarchical cache Hierarchy.
[2017.01.16-23.39.07:384][  0]LogDerivedDataCache: FDerivedDataBackendGraph:  EnginePak pak cache file ../../../Engine/DerivedDataCache/DDC.ddp not found, will not use a pak cache.
[2017.01.16-23.39.07:384][  0]LogDerivedDataCache: Unable to find inner node EnginePak for hierarchical cache Hierarchy.
[2017.01.16-23.39.07:396][  0]LogDerivedDataCache: Using Local data cache path ../../../Engine/DerivedDataCache: Writable
[2017.01.16-23.39.07:396][  0]LogDerivedDataCache: Shared data cache path not found in *engine.ini, will not use an Shared cache.
[2017.01.16-23.39.07:396][  0]LogDerivedDataCache: Unable to find inner node Shared for hierarchical cache Hierarchy.
[2017.01.16-23.39.07:646][  0]LogInit: Selected Device Profile: [Windows]
[2017.01.16-23.39.07:650][  0]LogContentStreaming: Texture pool size is 0.00 MB
[2017.01.16-23.39.07:926][  0]LogMeshUtilities: Using QuadricMeshReduction for automatic static mesh reduction
[2017.01.16-23.39.07:941][  0]LogMeshUtilities: No automatic skeletal mesh reduction module available
[2017.01.16-23.39.07:941][  0]LogMeshUtilities: No automatic mesh merging module available
[2017.01.16-23.39.07:941][  0]LogMeshUtilities: No distributed automatic mesh merging module available
[2017.01.16-23.39.08:665][  0]LogNetVersion: GetLocalNetworkVersion: CL: 0, ProjectName: tpsmulti, ProjectVersion: , EngineNetworkVersion: 2, GameNetworkVersion: 0, NetworkChecksum: 3564878919
[2017.01.16-23.39.08:725][  0]LogAssetRegistry: FAssetRegistry took 0.0224 seconds to start up
[2017.01.16-23.39.08:766][  0]LogPackageLocalizationCache: Processed 3 localized package path(s) for 1 prioritized culture(s) in 0.017178 seconds
[2017.01.16-23.39.08:772][  0]LogUObjectArray: 31905 objects as part of root set at end of initial load.
[2017.01.16-23.39.08:772][  0]LogUObjectAllocator: 6929128 out of 0 bytes used by permanent object pool.
[2017.01.16-23.39.08:772][  0]LogUObjectArray: CloseDisregardForGC: 0/0 objects in disregard for GC pool
[2017.01.16-23.39.08:840][  0]LogInit: WinSock: version 1.1 (2.2), MaxSocks=32767, MaxUdp=65467
[2017.01.16-23.39.09:768][  0]LogSlate: Using Freetype 2.6.0
[2017.01.16-23.39.09:768][  0]LogSlate: SlateFontCache - WITH_FREETYPE: 1, WITH_HARFBUZZ: 1
[2017.01.16-23.39.09:768][  0]LogSlate: SlateFontCache - WITH_FREETYPE: 1, WITH_HARFBUZZ: 1
[2017.01.16-23.39.10:740][  0]LogTcpMessaging: Initializing TcpMessaging bridge
[2017.01.16-23.39.10:799][  0]LogUdpMessaging: Initializing bridge on interface 0.0.0.0:0 to multicast group 230.0.0.1:6666.
[2017.01.16-23.39.11:278][  0]LogMaterial: Uniform references updated for custom material expression Custom.
[2017.01.16-23.39.11:837][  0]SourceControl: Info Source control is disabled
[2017.01.16-23.39.11:926][  0]SourceControl: Info Source control is disabled
[2017.01.16-23.39.12:039][  0]SourceControl: Info Source control is disabled
[2017.01.16-23.39.12:114][  0]SourceControl: Info Source control is disabled
[2017.01.16-23.39.14:163][  0]LogEngine: Initializing Engine...
[2017.01.16-23.39.14:164][  0]LogHMD: Failed to initialize OpenVR with code 110
[2017.01.16-23.39.14:540][  0]LogAIModule: Creating AISystem for world Untitled
[2017.01.16-23.39.14:552][  0]LogInit: XAudio2 using 'Haut-parleurs (Realtek High Definition Audio)' : 2 channels at 48 kHz using 32 bits per sample (channel mask 0x3)
[2017.01.16-23.39.14:586][  0]LogInit: FAudioDevice initialized.
[2017.01.16-23.39.14:626][  0]LogDerivedDataCache: Saved boot cache 0.04s 50MB ../../../../Unreal Projects/TPSMulti/DerivedDataCache/Boot.ddc.
[2017.01.16-23.39.14:640][  0]LogInit: Texture streaming: Enabled
[2017.01.16-23.39.14:889][  0]LogInit: Transaction tracking system initialized
[2017.01.16-23.39.15:516][  0]BlueprintLog: New page: Editor Load
[2017.01.16-23.39.17:263][  0]LocalizationService: Info Localization service is disabled
[2017.01.16-23.39.18:388][  0]LogConsoleResponse:Display: 
[2017.01.16-23.39.18:565][  0]LogCook:Display: Max memory allowance for cook 16384mb min free memory 0mb
[2017.01.16-23.39.18:565][  0]LogCook:Display: Mobile HDR setting 1
[2017.01.16-23.39.19:364][  0]LogFileCache: Scanning file cache for directory 'C:/Users/hutia/Documents/Unreal Projects/TPSMulti/Content/' took 0.01s
[2017.01.16-23.39.19:991][  0]SourceControl: Info Source control is disabled
[2017.01.16-23.39.19:992][  0]Cmd: MAP LOAD FILE="../../../../Unreal Projects/TPSMulti/Content/ThirdPersonBP/Maps/ThirdPersonExampleMap.umap" TEMPLATE=0 SHOWPROGRESS=1 FEATURELEVEL=3
[2017.01.16-23.39.19:992][  0]LightingResults: New page: Lighting Build
[2017.01.16-23.39.20:064][  0]MapCheck: New page: Map Check
[2017.01.16-23.39.20:064][  0]LightingResults: New page: Lighting Build
[2017.01.16-23.39.20:639][  0]LogAIModule: Creating AISystem for world ThirdPersonExampleMap
[2017.01.16-23.39.20:649][  0]LogEditorServer: Finished looking for orphan Actors (0.000 secs)
[2017.01.16-23.39.20:649][  0]Cmd: MAP CHECKDEP NOCLEARLOG
[2017.01.16-23.39.20:703][  0]MapCheck: Info Map check complete: 0 Error(s), 0 Warning(s), took 53.396ms to complete.
[2017.01.16-23.39.20:703][  0]LogFileHelpers: Loading map 'ThirdPersonExampleMap' took 0.711
[2017.01.16-23.39.20:796][  0]LogWindowsTextInputMethodSystem:Display: IME system now deactivated.
[2017.01.16-23.39.20:925][  0]LogCollectionManager: Loaded 0 collections in 0.002845 seconds
[2017.01.16-23.39.21:045][  0]LogFileCache: Scanning file cache for directory 'C:/Users/hutia/Documents/Unreal Projects/TPSMulti/Saved/Collections/' took 0.01s
[2017.01.16-23.39.21:045][  0]LogFileCache: Scanning file cache for directory 'C:/Users/hutia/Documents/Unreal Projects/TPSMulti/Content/Developers/hutia/Collections/' took 0.01s
[2017.01.16-23.39.21:045][  0]LogFileCache: Scanning file cache for directory 'C:/Users/hutia/Documents/Unreal Projects/TPSMulti/Content/Collections/' took 0.01s
[2017.01.16-23.39.21:045][  0]LogCollectionManager: Rebuilt the GUID cache for 0 collections in 0.000002 seconds
[2017.01.16-23.39.21:057][  0]LogContentBrowser: Native class hierarchy populated in 0.0120 seconds. Added 2189 classes and 426 folders.
[2017.01.16-23.39.21:109][  0]LogStats: UGameplayTagsManager::ConstructGameplayTagTree: Construct from data asset -  0.000 s
[2017.01.16-23.39.21:109][  0]LogStats: UGameplayTagsManager::ConstructGameplayTagTree: GameplayTagTreeChangedEvent.Broadcast -  0.000 s
[2017.01.16-23.39.21:110][  0]LogContentBrowser: Native class hierarchy updated for 'GameplayTags' in 0.0007 seconds. Added 13 classes and 0 folders.
[2017.01.16-23.39.21:193][  0]LogContentBrowser: Native class hierarchy updated for 'WidgetCarousel' in 0.0006 seconds. Added 0 classes and 0 folders.
[2017.01.16-23.39.21:239][  0]LogContentBrowser: Native class hierarchy updated for 'AddContentDialog' in 0.0006 seconds. Added 0 classes and 0 folders.
[2017.01.16-23.39.21:297][  0]LogContentBrowser: Native class hierarchy updated for 'SceneOutliner' in 0.0010 seconds. Added 1 classes and 2 folders.
[2017.01.16-23.39.21:357][  0]LogCrashTracker: Crashtracker disabled due to settings.
[2017.01.16-23.39.21:368][  0]LogUObjectGlobals:Warning: Failed to find object 'Class None.'
[2017.01.16-23.39.21:458][  0]LogContentBrowser: Native class hierarchy updated for 'HierarchicalLODOutliner' in 0.0006 seconds. Added 1 classes and 2 folders.
[2017.01.16-23.39.21:458][  0]LogLoad: (Engine Initialization) Total time: 19.82 seconds
[2017.01.16-23.39.21:458][  0]LogLoad: (Engine Initialization) Total Blueprint compile time: 0.18 seconds
[2017.01.16-23.39.21:458][  0]LogExternalProfiler: No external profilers were discovered.  External profiling features will not be available.
[2017.01.16-23.39.21:468][  0]LogOcInput: OculusInput pre-init called
[2017.01.16-23.39.21:490][  0]LogContentStreaming: Texture pool size now 1000 MB
[2017.01.16-23.39.21:721][  0]LogRenderer: Reallocating scene render targets to support 1208x652 NumSamples 1 (Frame:2).
[2017.01.16-23.39.21:856][  2]LogAssetRegistry: Asset discovery search completed in 13.1535 seconds
[2017.01.16-23.39.21:856][  2]LogCollectionManager: Rebuilt the object cache for 0 collections in 0.000000 seconds (found 0 objects)
[2017.01.16-23.39.21:856][  2]LogCollectionManager: Fixed up redirectors for 0 collections in 0.000014 seconds (updated 0 objects)
[2017.01.16-23.39.47:171][211]LogBlueprint:Warning: [Compiler Ue4ASP_Character] Warning InputAction Event references unknown Action 'Crouch' for  K2Node_InputAction_32
[2017.01.16-23.39.47:174][211]LogBlueprint:Warning: [Compiler Ue4ASP_Character] Warning [0045.53] Compile of Ue4ASP_Character successful, but with 1 Warning(s) [in 16 ms] (/Game/AnimStarterPack/Ue4ASP_Character.Ue4ASP_Character)
[2017.01.16-23.39.47:175][211]LogBlueprint:Warning: [Compiler Ue4ASP_Character] Warning [0045.53] Compile of Ue4ASP_Character successful, but with 2 Warning(s) [in 0 ms] (/Game/AnimStarterPack/Ue4ASP_Character.Ue4ASP_Character)
[2017.01.16-23.39.47:175][211]LogBlueprint:Warning: [Compiler Ue4ASP_Character] Warning [0045.53] Compile of Ue4ASP_Character successful, but with 3 Warning(s) [in 0 ms] (/Game/AnimStarterPack/Ue4ASP_Character.Ue4ASP_Character)
[2017.01.16-23.39.47:217][211]LogBlueprint:Warning: [Compiler Ue4ASP_Character] Warning InputAction Event references unknown Action 'Crouch' for  K2Node_InputAction_32
[2017.01.16-23.39.47:220][211]LogBlueprint:Warning: [Compiler Ue4ASP_Character] Warning [0045.58] Compile of Ue4ASP_Character successful, but with 1 Warning(s) [in 10 ms] (/Game/AnimStarterPack/Ue4ASP_Character.Ue4ASP_Character)
[2017.01.16-23.39.47:220][211]LogBlueprint:Warning: [Compiler Ue4ASP_Character] Warning [0045.58] Compile of Ue4ASP_Character successful, but with 2 Warning(s) [in 0 ms] (/Game/AnimStarterPack/Ue4ASP_Character.Ue4ASP_Character)
[2017.01.16-23.39.47:221][211]LogBlueprint:Warning: [Compiler Ue4ASP_Character] Warning [0045.58] Compile of Ue4ASP_Character successful, but with 3 Warning(s) [in 0 ms] (/Game/AnimStarterPack/Ue4ASP_Character.Ue4ASP_Character)
[2017.01.16-23.39.47:245][211]LogAnimationCompression: Building Anim DDC data for AnimSequence /Game/AnimStarterPack/Jump_From_Jog.Jump_From_Jog
[2017.01.16-23.39.47:247][211]LogAnimationCompression: Building Anim DDC data for AnimSequence /Game/AnimStarterPack/Jump_From_Stand.Jump_From_Stand
[2017.01.16-23.39.47:426][211]LogTexture:Display: Building textures: UE4_Mannequin__normals (BC5)
[2017.01.16-23.39.47:892][211]LogTexture:Display: Building textures: UE4_Mannequin_MAT_MASKA (AutoDXT)
[2017.01.16-23.39.48:011][211]LogTexture:Display: Building textures: T_ML_Rubber_Blue_01_D (DXT1)
[2017.01.16-23.39.48:148][211]LogTexture:Display: Building textures: T_ML_Rubber_Blue_01_N (BC5)
[2017.01.16-23.39.48:202][211]LogTexture:Display: Building textures: T_ML_Aluminum01 (DXT1)
[2017.01.16-23.39.48:306][211]LogTexture:Display: Building textures: T_ML_Aluminum01_N (BC5)
[2017.01.16-23.39.48:356][211]LogTexture:Display: Building textures: UE4_Mannequin_occlusion_Mobile (DXT1)
[2017.01.16-23.39.48:445][211]LogMaterial: Missing cached shader map for material M_UE4Man_Body, compiling. 
[2017.01.16-23.39.48:571][211]LogTexture:Display: Building textures: UE4Man_Logo_N (BC5)
[2017.01.16-23.39.48:612][211]LogMaterial: Missing cached shader map for material M_UE4Man_Body, compiling. 
[2017.01.16-23.39.48:718][211]LogAnimationCompression: Building Anim DDC data for AnimSequence /Game/AnimStarterPack/Jog_Rt_Rifle.Jog_Rt_Rifle
[2017.01.16-23.39.48:721][211]LogAnimationCompression: Building Anim DDC data for AnimSequence /Game/AnimStarterPack/Jog_Lt_Rifle.Jog_Lt_Rifle
[2017.01.16-23.39.48:724][211]LogAnimationCompression: Building Anim DDC data for AnimSequence /Game/AnimStarterPack/Jog_Fwd_Rifle.Jog_Fwd_Rifle
[2017.01.16-23.39.48:728][211]LogAnimationCompression: Building Anim DDC data for AnimSequence /Game/AnimStarterPack/Crouch_Walk_Rt_Rifle_Hip.Crouch_Walk_Rt_Rifle_Hip
[2017.01.16-23.39.48:732][211]LogAnimationCompression: Building Anim DDC data for AnimSequence /Game/AnimStarterPack/Jog_Bwd_Rifle.Jog_Bwd_Rifle
[2017.01.16-23.39.48:735][211]LogAnimationCompression: Building Anim DDC data for AnimSequence /Game/AnimStarterPack/Crouch_Walk_Lt_Rifle_Hip.Crouch_Walk_Lt_Rifle_Hip
[2017.01.16-23.39.48:738][211]LogAnimationCompression: Building Anim DDC data for AnimSequence /Game/AnimStarterPack/Crouch_Walk_Fwd_Rifle_Hip.Crouch_Walk_Fwd_Rifle_Hip
[2017.01.16-23.39.48:742][211]LogAnimationCompression: Building Anim DDC data for AnimSequence /Game/AnimStarterPack/Crouch_Walk_Bwd_Rifle_Hip.Crouch_Walk_Bwd_Rifle_Hip
[2017.01.16-23.39.48:746][211]LogAnimationCompression: Building Anim DDC data for AnimSequence /Game/AnimStarterPack/Crouch_Idle_Rifle_Hip.Crouch_Idle_Rifle_Hip
[2017.01.16-23.39.48:758][211]LogAnimationCompression: Building Anim DDC data for AnimSequence /Game/AnimStarterPack/Idle_Rifle_Hip.Idle_Rifle_Hip
[2017.01.16-23.39.49:576][211]LogContentBrowser: Native class hierarchy updated for 'BlueprintGraph' in 0.0012 seconds. Added 111 classes and 0 folders.
[2017.01.16-23.39.55:168][357]BlueprintLog: New page: Compile Ue4ASP_Character
[2017.01.16-23.39.55:193][357]LogBlueprint:Warning: [Compiler Ue4ASP_Character] Warning InputAction Event references unknown Action 'Crouch' for  K2Node_InputAction_32
[2017.01.16-23.39.55:563][357]BlueprintEditorCompileResults:Warning: Warning InputAction Event references unknown Action 'Crouch' for  K2Node_InputAction_32
[2017.01.16-23.39.55:563][357]LogBlueprint:Warning: [Compiler Ue4ASP_Character] Warning [0053.92] Compile of Ue4ASP_Character successful, but with 1 Warning(s) [in 394 ms] (/Game/AnimStarterPack/Ue4ASP_Character.Ue4ASP_Character)
[2017.01.16-23.39.56:083][387]Cmd: OBJ SAVEPACKAGE PACKAGE="/Game/AnimStarterPack/Ue4ASP_Character" FILE="../../../../Unreal Projects/TPSMulti/Content/AnimStarterPack/Ue4ASP_Character.uasset" SILENT=true
[2017.01.16-23.39.56:137][387]LogSavePackage: Save=45.58ms
[2017.01.16-23.39.56:137][387]LogSavePackage: Moving '../../../../Unreal Projects/TPSMulti/Saved/Ue4ASP_Character0BA265A440CA683B7881DEB0AFD9C1A1.tmp' to '../../../../Unreal Projects/TPSMulti/Content/AnimStarterPack/Ue4ASP_Character.uasset'
[2017.01.16-23.39.56:140][387]LogSavePackage:Display: Finished SavePackage ../../../../Unreal Projects/TPSMulti/Content/AnimStarterPack/Ue4ASP_Character.uasset
[2017.01.16-23.40.11:297][941]LogTemp:Display: Executing iPhonePackager certificates Engine -bundlename com.YourCompany.TPSMulti

[2017.01.16-23.40.11:297][941]LogTemp:Display: CWD: C:\Users\hutia\Documents\UnrealEngine-release\Engine\Binaries\DotNet\IOS

[2017.01.16-23.40.11:297][941]LogTemp:Display: Initial Dir: C:\Users\hutia\Documents\UnrealEngine-release

[2017.01.16-23.40.11:297][941]LogTemp:Display: Env CWD: C:\Users\hutia\Documents\UnrealEngine-release\Engine\Binaries\DotNet\IOS

[2017.01.16-23.40.11:308][942]LogTemp:Display: BranchPath = P3D1-POSTE18/C/Users/hutia/Documents/UnrealEngine-release/Engine/Binaries --- GameBranchPath = P3D1-POSTE18/C/Users/hutia/Documents/UnrealEngine-release/Engine/Binaries

[2017.01.16-23.40.11:341][945]LogTemp:Display: IPP ERROR: Application exception: System.IO.DirectoryNotFoundException: Impossible de trouver une partie du chemin d'acc?s 'C:\Users\hutia\AppData\Local\Apple Computer\MobileDevice\Provisioning Profiles'.

[2017.01.16-23.40.11:341][945]LogTemp:Display:    ? System.IO.__Error.WinIOError(Int32 errorCode, String maybeFullPath)

[2017.01.16-23.40.11:341][945]LogTemp:Display:    ? System.IO.FileSystemEnumerableIterator`1.CommonInit()

[2017.01.16-23.40.11:341][945]LogTemp:Display:    ? System.IO.Directory.EnumerateFiles(String path, String searchPattern)

[2017.01.16-23.40.11:341][945]LogTemp:Display:    ? iPhonePackager.CodeSignatureBuilder.FindProvisions(String CFBundleIdentifier) dans C:\Users\hutia\Documents\UnrealEngine-release\Engine\Source\Programs\IOS\iPhonePackager\CodeSigning.cs:ligne 307

[2017.01.16-23.40.11:341][945]LogTemp:Display:    ? iPhonePackager.Program.Main(String[] args) dans C:\Users\hutia\Documents\UnrealEngine-release\Engine\Source\Programs\IOS\iPhonePackager\iPhonePackager.cs:ligne 853

[2017.01.16-23.40.49:624][187]BlueprintLog: New page: Compile Ue4ASP_Character
[2017.01.16-23.40.50:488][244]Cmd: OBJ SAVEPACKAGE PACKAGE="/Game/AnimStarterPack/Ue4ASP_Character" FILE="../../../../Unreal Projects/TPSMulti/Content/AnimStarterPack/Ue4ASP_Character.uasset" SILENT=true
[2017.01.16-23.40.50:538][244]LogSavePackage: Save=47.08ms
[2017.01.16-23.40.50:538][244]LogSavePackage: Moving '../../../../Unreal Projects/TPSMulti/Saved/Ue4ASP_Character56CD28DA4B0C76B100DF84BCBC4B886D.tmp' to '../../../../Unreal Projects/TPSMulti/Content/AnimStarterPack/Ue4ASP_Character.uasset'
[2017.01.16-23.40.50:539][244]LogSavePackage:Display: Finished SavePackage ../../../../Unreal Projects/TPSMulti/Content/AnimStarterPack/Ue4ASP_Character.uasset
[2017.01.16-23.41.09:812][838]Cmd: TRANSACTION UNDO
[2017.01.16-23.41.09:812][838]LogEditorTransaction: Undo Move Actors
[2017.01.16-23.41.10:331][863]Cmd: TRANSACTION UNDO
[2017.01.16-23.41.10:331][863]LogEditorTransaction: Undo Move Actors
[2017.01.16-23.41.14:802][195]LogEditorViewport: Clicking on Actor (LMB): ThirdPersonCharacter_C (ThirdPersonCharacter)
[2017.01.16-23.41.16:867][341]Cmd: DELETE
[2017.01.16-23.41.16:867][341]Cmd: ACTOR DELETE
[2017.01.16-23.41.16:869][341]LogEditorActor: Deleted Actor: ThirdPersonCharacter_C
[2017.01.16-23.41.16:942][341]LogEditorActor: Deleted 1 Actors (0.074 secs)
[2017.01.16-23.41.18:545][486]LogSavePackage: Save=145.32ms
[2017.01.16-23.41.18:545][486]LogSavePackage: Moving '../../../../Unreal Projects/TPSMulti/Saved/ThirdPersonExampleMapF8A5C69C47D0C73CCF6129BC36AE3203.tmp' to '../../../../Unreal Projects/TPSMulti/Content/ThirdPersonBP/Maps/ThirdPersonExampleMap.umap'
[2017.01.16-23.41.18:552][486]LogSavePackage:Display: Finished SavePackage ../../../../Unreal Projects/TPSMulti/Content/ThirdPersonBP/Maps/ThirdPersonExampleMap.umap
[2017.01.16-23.41.18:765][486]LogSavePackage: Save=171.08ms
[2017.01.16-23.41.18:765][486]LogSavePackage: Moving '../../../../Unreal Projects/TPSMulti/Saved/ThirdPersonExampleMap_BuiltData8895507E4A41EE7717604E9DFCB03092.tmp' to '../../../../Unreal Projects/TPSMulti/Content/ThirdPersonBP/Maps/ThirdPersonExampleMap_BuiltData.uasset'
[2017.01.16-23.41.18:767][486]LogSavePackage:Display: Finished SavePackage ../../../../Unreal Projects/TPSMulti/Content/ThirdPersonBP/Maps/ThirdPersonExampleMap_BuiltData.uasset
[2017.01.16-23.41.19:536][563]LogTemp: Repeting last play command: Selected Viewport
[2017.01.16-23.41.19:570][563]LogBlueprintUserMessages: Early PlayInEditor Detection: Level '/Game/ThirdPersonBP/Maps/ThirdPersonExampleMap.ThirdPersonExampleMap:PersistentLevel' has LevelScriptBlueprint '/Game/ThirdPersonBP/Maps/ThirdPersonExampleMap.ThirdPersonExampleMap:PersistentLevel.ThirdPersonExampleMap' with GeneratedClass '/Game/ThirdPersonBP/Maps/ThirdPersonExampleMap.ThirdPersonExampleMap_C' with ClassGeneratedBy '/Game/ThirdPersonBP/Maps/ThirdPersonExampleMap.ThirdPersonExampleMap:PersistentLevel.ThirdPersonExampleMap'
[2017.01.16-23.41.19:571][563]LogPlayLevel: PlayLevel: No blueprints needed recompiling
[2017.01.16-23.41.19:572][563]PIE: New page: PIE session: ThirdPersonExampleMap (Jan 16, 2017, 3:41:19 AM)
[2017.01.16-23.41.19:572][563]LogPlayLevel: Creating play world package: /Game/ThirdPersonBP/Maps/UEDPIE_0_ThirdPersonExampleMap
[2017.01.16-23.41.19:596][563]LogPlayLevel: PIE: StaticDuplicateObject took: (0.024187s)
[2017.01.16-23.41.19:597][563]LogAIModule: Creating AISystem for world ThirdPersonExampleMap
[2017.01.16-23.41.19:597][563]LogPlayLevel: PIE: World Init took: (0.000815s)
[2017.01.16-23.41.19:597][563]LogPlayLevel: PIE: Created PIE world by copying editor world from /Game/ThirdPersonBP/Maps/ThirdPersonExampleMap.ThirdPersonExampleMap to /Game/ThirdPersonBP/Maps/UEDPIE_0_ThirdPersonExampleMap.ThirdPersonExampleMap (0.025319s)
[2017.01.16-23.41.19:638][563]LogInit: XAudio2 using 'Haut-parleurs (Realtek High Definition Audio)' : 2 channels at 48 kHz using 32 bits per sample (channel mask 0x3)
[2017.01.16-23.41.19:652][563]LogInit: FAudioDevice initialized.
[2017.01.16-23.41.19:710][563]LogLoad: Game class is 'ThirdPersonGameMode_C'
[2017.01.16-23.41.19:717][563]LogWorld: Bringing World /Game/ThirdPersonBP/Maps/UEDPIE_0_ThirdPersonExampleMap.ThirdPersonExampleMap up for play (max tick rate 0) at 2017.01.16-13.41.19
[2017.01.16-23.41.19:718][563]LogWorld: Bringing up level for play took: 0.003928
[2017.01.16-23.41.19:780][563]LogContentBrowser: Native class hierarchy updated for 'MovieSceneCapture' in 0.0006 seconds. Added 11 classes and 0 folders.
[2017.01.16-23.41.19:783][563]PIE: Info Play in editor start time for /Game/ThirdPersonBP/Maps/UEDPIE_0_ThirdPersonExampleMap 1.168
[2017.01.16-23.41.19:783][563]LogBlueprintUserMessages: Late PlayInEditor Detection: Level '/Game/ThirdPersonBP/Maps/ThirdPersonExampleMap.ThirdPersonExampleMap:PersistentLevel' has LevelScriptBlueprint '/Game/ThirdPersonBP/Maps/ThirdPersonExampleMap.ThirdPersonExampleMap:PersistentLevel.ThirdPersonExampleMap' with GeneratedClass '/Game/ThirdPersonBP/Maps/ThirdPersonExampleMap.ThirdPersonExampleMap_C' with ClassGeneratedBy '/Game/ThirdPersonBP/Maps/ThirdPersonExampleMap.ThirdPersonExampleMap:PersistentLevel.ThirdPersonExampleMap'
[2017.01.16-23.41.26:816][268]LogBlueprintUserMessages: Early EndPlayMap Detection: Level '/Game/ThirdPersonBP/Maps/ThirdPersonExampleMap.ThirdPersonExampleMap:PersistentLevel' has LevelScriptBlueprint '/Game/ThirdPersonBP/Maps/ThirdPersonExampleMap.ThirdPersonExampleMap:PersistentLevel.ThirdPersonExampleMap' with GeneratedClass '/Game/ThirdPersonBP/Maps/ThirdPersonExampleMap.ThirdPersonExampleMap_C' with ClassGeneratedBy '/Game/ThirdPersonBP/Maps/ThirdPersonExampleMap.ThirdPersonExampleMap:PersistentLevel.ThirdPersonExampleMap'
[2017.01.16-23.41.27:555][268]LogBlueprintUserMessages: Late EndPlayMap Detection: Level '/Game/ThirdPersonBP/Maps/ThirdPersonExampleMap.ThirdPersonExampleMap:PersistentLevel' has LevelScriptBlueprint '/Game/ThirdPersonBP/Maps/ThirdPersonExampleMap.ThirdPersonExampleMap:PersistentLevel.ThirdPersonExampleMap' with GeneratedClass '/Game/ThirdPersonBP/Maps/ThirdPersonExampleMap.ThirdPersonExampleMap_C' with ClassGeneratedBy '/Game/ThirdPersonBP/Maps/ThirdPersonExampleMap.ThirdPersonExampleMap:PersistentLevel.ThirdPersonExampleMap'
[2017.01.16-23.41.36:443][147]LogEditorViewport: Clicking on Actor (LMB): PlayerStart (NetworkPlayerStart)
[2017.01.16-23.41.42:916][667]LogSavePackage: Save=135.50ms
[2017.01.16-23.41.42:916][667]LogSavePackage: Moving '../../../../Unreal Projects/TPSMulti/Saved/ThirdPersonExampleMap89F0759D4641DB4737CD7B84E8874E6C.tmp' to '../../../../Unreal Projects/TPSMulti/Content/ThirdPersonBP/Maps/ThirdPersonExampleMap.umap'
[2017.01.16-23.41.42:919][667]LogSavePackage:Display: Finished SavePackage ../../../../Unreal Projects/TPSMulti/Content/ThirdPersonBP/Maps/ThirdPersonExampleMap.umap
[2017.01.16-23.41.43:079][667]LogSavePackage: Save=123.53ms
[2017.01.16-23.41.43:079][667]LogSavePackage: Moving '../../../../Unreal Projects/TPSMulti/Saved/ThirdPersonExampleMap_BuiltDataC16D1CA34E135D673B6815BFCDDC233A.tmp' to '../../../../Unreal Projects/TPSMulti/Content/ThirdPersonBP/Maps/ThirdPersonExampleMap_BuiltData.uasset'
[2017.01.16-23.41.43:082][667]LogSavePackage:Display: Finished SavePackage ../../../../Unreal Projects/TPSMulti/Content/ThirdPersonBP/Maps/ThirdPersonExampleMap_BuiltData.uasset
[2017.01.16-23.42.03:012][604]BlueprintLog: New page: Compile ThirdPersonGameMode
[2017.01.16-23.42.03:629][647]Cmd: OBJ SAVEPACKAGE PACKAGE="/Game/ThirdPersonBP/Blueprints/ThirdPersonGameMode" FILE="../../../../Unreal Projects/TPSMulti/Content/ThirdPersonBP/Blueprints/ThirdPersonGameMode.uasset" SILENT=true
[2017.01.16-23.42.03:648][647]LogSavePackage: Save=11.38ms
[2017.01.16-23.42.03:648][647]LogSavePackage: Moving '../../../../Unreal Projects/TPSMulti/Saved/ThirdPersonGameMode868D058D4CD0452874C1FDBD0DBA4262.tmp' to '../../../../Unreal Projects/TPSMulti/Content/ThirdPersonBP/Blueprints/ThirdPersonGameMode.uasset'
[2017.01.16-23.42.03:652][647]LogSavePackage:Display: Finished SavePackage ../../../../Unreal Projects/TPSMulti/Content/ThirdPersonBP/Blueprints/ThirdPersonGameMode.uasset
[2017.01.16-23.42.07:394][988]LogSavePackage: Save=141.98ms
[2017.01.16-23.42.07:394][988]LogSavePackage: Moving '../../../../Unreal Projects/TPSMulti/Saved/ThirdPersonExampleMapB61E75D3492D0CB13950538147315E0E.tmp' to '../../../../Unreal Projects/TPSMulti/Content/ThirdPersonBP/Maps/ThirdPersonExampleMap.umap'
[2017.01.16-23.42.07:397][988]LogSavePackage:Display: Finished SavePackage ../../../../Unreal Projects/TPSMulti/Content/ThirdPersonBP/Maps/ThirdPersonExampleMap.umap
[2017.01.16-23.42.07:566][988]LogSavePackage: Save=131.37ms
[2017.01.16-23.42.07:566][988]LogSavePackage: Moving '../../../../Unreal Projects/TPSMulti/Saved/ThirdPersonExampleMap_BuiltData82CE3235418114EA8D5961BA63855299.tmp' to '../../../../Unreal Projects/TPSMulti/Content/ThirdPersonBP/Maps/ThirdPersonExampleMap_BuiltData.uasset'
[2017.01.16-23.42.07:567][988]LogSavePackage:Display: Finished SavePackage ../../../../Unreal Projects/TPSMulti/Content/ThirdPersonBP/Maps/ThirdPersonExampleMap_BuiltData.uasset
[2017.01.16-23.42.08:393][ 52]LogTemp: Repeting last play command: Selected Viewport
[2017.01.16-23.42.08:413][ 52]LogBlueprintUserMessages: Early PlayInEditor Detection: Level '/Game/ThirdPersonBP/Maps/ThirdPersonExampleMap.ThirdPersonExampleMap:PersistentLevel' has LevelScriptBlueprint '/Game/ThirdPersonBP/Maps/ThirdPersonExampleMap.ThirdPersonExampleMap:PersistentLevel.ThirdPersonExampleMap' with GeneratedClass '/Game/ThirdPersonBP/Maps/ThirdPersonExampleMap.ThirdPersonExampleMap_C' with ClassGeneratedBy '/Game/ThirdPersonBP/Maps/ThirdPersonExampleMap.ThirdPersonExampleMap:PersistentLevel.ThirdPersonExampleMap'
[2017.01.16-23.42.08:413][ 52]LogPlayLevel: PlayLevel: No blueprints needed recompiling
[2017.01.16-23.42.08:414][ 52]PIE: New page: PIE session: ThirdPersonExampleMap (Jan 16, 2017, 3:42:08 AM)
[2017.01.16-23.42.08:414][ 52]LogPlayLevel: Creating play world package: /Game/ThirdPersonBP/Maps/UEDPIE_0_ThirdPersonExampleMap
[2017.01.16-23.42.08:440][ 52]LogPlayLevel: PIE: StaticDuplicateObject took: (0.026770s)
[2017.01.16-23.42.08:441][ 52]LogAIModule: Creating AISystem for world ThirdPersonExampleMap
[2017.01.16-23.42.08:441][ 52]LogPlayLevel: PIE: World Init took: (0.000791s)
[2017.01.16-23.42.08:442][ 52]LogPlayLevel: PIE: Created PIE world by copying editor world from /Game/ThirdPersonBP/Maps/ThirdPersonExampleMap.ThirdPersonExampleMap to /Game/ThirdPersonBP/Maps/UEDPIE_0_ThirdPersonExampleMap.ThirdPersonExampleMap (0.027856s)
[2017.01.16-23.42.08:475][ 52]LogInit: XAudio2 using 'Haut-parleurs (Realtek High Definition Audio)' : 2 channels at 48 kHz using 32 bits per sample (channel mask 0x3)
[2017.01.16-23.42.08:488][ 52]LogInit: FAudioDevice initialized.
[2017.01.16-23.42.08:521][ 52]LogLoad: Game class is 'ThirdPersonGameMode_C'
[2017.01.16-23.42.08:525][ 52]LogWorld: Bringing World /Game/ThirdPersonBP/Maps/UEDPIE_0_ThirdPersonExampleMap.ThirdPersonExampleMap up for play (max tick rate 0) at 2017.01.16-13.42.08
[2017.01.16-23.42.08:526][ 52]LogWorld: Bringing up level for play took: 0.002604
[2017.01.16-23.42.08:528][ 52]PIE: Info Play in editor start time for /Game/ThirdPersonBP/Maps/UEDPIE_0_ThirdPersonExampleMap -0.086
[2017.01.16-23.42.08:528][ 52]LogBlueprintUserMessages: Late PlayInEditor Detection: Level '/Game/ThirdPersonBP/Maps/ThirdPersonExampleMap.ThirdPersonExampleMap:PersistentLevel' has LevelScriptBlueprint '/Game/ThirdPersonBP/Maps/ThirdPersonExampleMap.ThirdPersonExampleMap:PersistentLevel.ThirdPersonExampleMap' with GeneratedClass '/Game/ThirdPersonBP/Maps/ThirdPersonExampleMap.ThirdPersonExampleMap_C' with ClassGeneratedBy '/Game/ThirdPersonBP/Maps/ThirdPersonExampleMap.ThirdPersonExampleMap:PersistentLevel.ThirdPersonExampleMap'
[2017.01.16-23.42.33:556][547]LogBlueprintUserMessages: Early EndPlayMap Detection: Level '/Game/ThirdPersonBP/Maps/ThirdPersonExampleMap.ThirdPersonExampleMap:PersistentLevel' has LevelScriptBlueprint '/Game/ThirdPersonBP/Maps/ThirdPersonExampleMap.ThirdPersonExampleMap:PersistentLevel.ThirdPersonExampleMap' with GeneratedClass '/Game/ThirdPersonBP/Maps/ThirdPersonExampleMap.ThirdPersonExampleMap_C' with ClassGeneratedBy '/Game/ThirdPersonBP/Maps/ThirdPersonExampleMap.ThirdPersonExampleMap:PersistentLevel.ThirdPersonExampleMap'
[2017.01.16-23.42.34:240][547]LogBlueprintUserMessages: Late EndPlayMap Detection: Level '/Game/ThirdPersonBP/Maps/ThirdPersonExampleMap.ThirdPersonExampleMap:PersistentLevel' has LevelScriptBlueprint '/Game/ThirdPersonBP/Maps/ThirdPersonExampleMap.ThirdPersonExampleMap:PersistentLevel.ThirdPersonExampleMap' with GeneratedClass '/Game/ThirdPersonBP/Maps/ThirdPersonExampleMap.ThirdPersonExampleMap_C' with ClassGeneratedBy '/Game/ThirdPersonBP/Maps/ThirdPersonExampleMap.ThirdPersonExampleMap:PersistentLevel.ThirdPersonExampleMap'
[2017.01.16-23.42.36:073][697]LogEditorViewport: Clicking on Actor (LMB): Ue4ASP_Character_C (Ue4ASP_Character)
[2017.01.16-23.42.36:881][746]Cmd: DELETE
[2017.01.16-23.42.36:881][746]Cmd: ACTOR DELETE
[2017.01.16-23.42.36:881][746]LogEditorActor: Deleted Actor: Ue4ASP_Character_C
[2017.01.16-23.42.36:945][746]LogEditorActor: Deleted 1 Actors (0.064 secs)
[2017.01.16-23.42.39:210][924]LogSavePackage: Save=137.68ms
[2017.01.16-23.42.39:210][924]LogSavePackage: Moving '../../../../Unreal Projects/TPSMulti/Saved/ThirdPersonExampleMap4C42FAD045EEB5A11AABA0A4CBFE34C6.tmp' to '../../../../Unreal Projects/TPSMulti/Content/ThirdPersonBP/Maps/ThirdPersonExampleMap.umap'
[2017.01.16-23.42.39:215][924]LogSavePackage:Display: Finished SavePackage ../../../../Unreal Projects/TPSMulti/Content/ThirdPersonBP/Maps/ThirdPersonExampleMap.umap
[2017.01.16-23.42.39:416][924]LogSavePackage: Save=124.08ms
[2017.01.16-23.42.39:416][924]LogSavePackage: Moving '../../../../Unreal Projects/TPSMulti/Saved/ThirdPersonExampleMap_BuiltData0A18B231493CD7E07D3A20A334C11089.tmp' to '../../../../Unreal Projects/TPSMulti/Content/ThirdPersonBP/Maps/ThirdPersonExampleMap_BuiltData.uasset'
[2017.01.16-23.42.39:419][924]LogSavePackage:Display: Finished SavePackage ../../../../Unreal Projects/TPSMulti/Content/ThirdPersonBP/Maps/ThirdPersonExampleMap_BuiltData.uasset
[2017.01.16-23.42.41:804][129]LogRenderer: Reallocating scene render targets to support 1208x808 NumSamples 1 (Frame:10542).
[2017.01.16-23.42.47:970][829]BlueprintLog: New page: Compile Ue4ASP_Character
[2017.01.16-23.42.48:986][869]Cmd: OBJ SAVEPACKAGE PACKAGE="/Game/AnimStarterPack/Ue4ASP_Character" FILE="../../../../Unreal Projects/TPSMulti/Content/AnimStarterPack/Ue4ASP_Character.uasset" SILENT=true
[2017.01.16-23.42.49:038][869]LogSavePackage: Save=49.01ms
[2017.01.16-23.42.49:038][869]LogSavePackage: Moving '../../../../Unreal Projects/TPSMulti/Saved/Ue4ASP_CharacterE9BB9E884F1754CAF902DAAA91D11F0E.tmp' to '../../../../Unreal Projects/TPSMulti/Content/AnimStarterPack/Ue4ASP_Character.uasset'
[2017.01.16-23.42.49:043][869]LogSavePackage:Display: Finished SavePackage ../../../../Unreal Projects/TPSMulti/Content/AnimStarterPack/Ue4ASP_Character.uasset
[2017.01.16-23.42.54:700][532]LogSlate:Warning: Prevented a slow task dialog from being summoned while a context menu was open
[2017.01.16-23.43.03:529][518]BlueprintLog: New page: Compile Ue4ASP_Character
[2017.01.16-23.43.04:645][572]Cmd: OBJ SAVEPACKAGE PACKAGE="/Game/AnimStarterPack/Ue4ASP_Character" FILE="../../../../Unreal Projects/TPSMulti/Content/AnimStarterPack/Ue4ASP_Character.uasset" SILENT=true
[2017.01.16-23.43.04:703][572]LogSavePackage: Save=54.92ms
[2017.01.16-23.43.04:703][572]LogSavePackage: Moving '../../../../Unreal Projects/TPSMulti/Saved/Ue4ASP_Character7A5E1C434B8C1D893D2C14852AE89090.tmp' to '../../../../Unreal Projects/TPSMulti/Content/AnimStarterPack/Ue4ASP_Character.uasset'
[2017.01.16-23.43.04:709][572]LogSavePackage:Display: Finished SavePackage ../../../../Unreal Projects/TPSMulti/Content/AnimStarterPack/Ue4ASP_Character.uasset
[2017.01.16-23.43.09:326][ 61]Cmd: OBJ SAVEPACKAGE PACKAGE="/Game/AnimStarterPack/Ue4ASP_Character" FILE="../../../../Unreal Projects/TPSMulti/Content/AnimStarterPack/Ue4ASP_Character.uasset" SILENT=true
[2017.01.16-23.43.09:373][ 61]LogSavePackage: Save=43.63ms
[2017.01.16-23.43.09:373][ 61]LogSavePackage: Moving '../../../../Unreal Projects/TPSMulti/Saved/Ue4ASP_CharacterE108147249D72EA56E90569E515BE7FB.tmp' to '../../../../Unreal Projects/TPSMulti/Content/AnimStarterPack/Ue4ASP_Character.uasset'
[2017.01.16-23.43.09:374][ 61]LogSavePackage:Display: Finished SavePackage ../../../../Unreal Projects/TPSMulti/Content/AnimStarterPack/Ue4ASP_Character.uasset
[2017.01.16-23.43.15:304][645]LogSavePackage: Save=163.20ms
[2017.01.16-23.43.15:304][645]LogSavePackage: Moving '../../../../Unreal Projects/TPSMulti/Saved/ThirdPersonExampleMapEA6DC4524C8811DD647329A7A3D1737E.tmp' to '../../../../Unreal Projects/TPSMulti/Content/ThirdPersonBP/Maps/ThirdPersonExampleMap.umap'
[2017.01.16-23.43.15:307][645]LogSavePackage:Display: Finished SavePackage ../../../../Unreal Projects/TPSMulti/Content/ThirdPersonBP/Maps/ThirdPersonExampleMap.umap
[2017.01.16-23.43.15:460][645]LogSavePackage: Save=110.40ms
[2017.01.16-23.43.15:460][645]LogSavePackage: Moving '../../../../Unreal Projects/TPSMulti/Saved/ThirdPersonExampleMap_BuiltData4D3975E5400834F80B80F9931B026595.tmp' to '../../../../Unreal Projects/TPSMulti/Content/ThirdPersonBP/Maps/ThirdPersonExampleMap_BuiltData.uasset'
[2017.01.16-23.43.15:461][645]LogSavePackage:Display: Finished SavePackage ../../../../Unreal Projects/TPSMulti/Content/ThirdPersonBP/Maps/ThirdPersonExampleMap_BuiltData.uasset
[2017.01.16-23.45.23:088][592]LogSavePackage: Save=149.12ms
[2017.01.16-23.45.23:088][592]LogSavePackage: Moving '../../../../Unreal Projects/TPSMulti/Saved/ThirdPersonExampleMapE7CEF5CC428516160031F987EE4F3612.tmp' to '../../../../Unreal Projects/TPSMulti/Content/ThirdPersonBP/Maps/ThirdPersonExampleMap.umap'
[2017.01.16-23.45.23:092][592]LogSavePackage:Display: Finished SavePackage ../../../../Unreal Projects/TPSMulti/Content/ThirdPersonBP/Maps/ThirdPersonExampleMap.umap
[2017.01.16-23.45.23:263][592]LogSavePackage: Save=119.14ms
[2017.01.16-23.45.23:263][592]LogSavePackage: Moving '../../../../Unreal Projects/TPSMulti/Saved/ThirdPersonExampleMap_BuiltData222C383F4CCA221AB4100FAEAD8E48A1.tmp' to '../../../../Unreal Projects/TPSMulti/Content/ThirdPersonBP/Maps/ThirdPersonExampleMap_BuiltData.uasset'
[2017.01.16-23.45.23:266][592]LogSavePackage:Display: Finished SavePackage ../../../../Unreal Projects/TPSMulti/Content/ThirdPersonBP/Maps/ThirdPersonExampleMap_BuiltData.uasset
[2017.01.16-23.53.34:935][769]LogActorComponent: UnregisterComponent: (/Engine/Transient.EditorFloorComp) Not registered. Aborting.
[2017.01.16-23.53.35:301][770]Cmd: QUIT_EDITOR
[2017.01.16-23.53.36:227][770]LogWindowsTextInputMethodSystem:Display: IME system now deactivated.
[2017.01.16-23.53.36:280][770]LogExit: Preparing to exit.
[2017.01.16-23.53.37:258][770]LogDirectoryWatcher: A directory notification for 'C:/Users/hutia/Documents/Unreal Projects/TPSMulti/Content/' was aborted.
[2017.01.16-23.53.37:321][770]LogExit: Editor shut down
[2017.01.16-23.53.37:321][770]LogExit: Transaction tracking system shut down
[2017.01.16-23.53.37:510][770]LogObj: Freed 0b from 0 cluster array pools.
[2017.01.16-23.53.37:511][770]LogExit: Object subsystem successfully closed.
[2017.01.16-23.53.37:536][770]LogD3D11RHI: Shutdown
[2017.01.16-23.53.37:536][770]LogD3D11RHI: CleanupD3DDevice
[2017.01.16-23.53.37:769][770]LogD3D11RHI: ~FD3D11DynamicRHI
[2017.01.16-23.53.37:789][770]LogHttp:Display: Http module shutting down, but needs to wait on 1 outstanding Http requests:
[2017.01.16-23.53.37:789][770]LogHttp:Display: 	verb=[POST] url=[https://datarouter.ol.epicgames.com/datarouter/api/v1/public/data?SessionID=%7BC71872EF-4184-9EC1-D2F7-179C186EF3E4%7D&AppID=UEEditor.UnrealEngine.Release&AppVersion=4.14.3-0%2B%2B%2BUE4%2BRelease-4.14&UserID=8a5248ef408ad51dbdcf9e85172555a5%7C5e79ac93496a4baf8178b8a33c84374d%7C482a9429-e770-4b2e-bcee-512c1d3420f0&AppEnvironment=datacollector-source&UploadType=eteventstream] status=Processing
[2017.01.16-23.53.37:798][770]LogModuleManager: Shutting down and abandoning module MovieSceneCapture (238)
[2017.01.16-23.53.37:798][770]LogModuleManager: Shutting down and abandoning module ExternalImagePicker (237)
[2017.01.16-23.53.37:798][770]LogModuleManager: Shutting down and abandoning module BlueprintGraph (236)
[2017.01.16-23.53.37:798][770]LogModuleManager: Shutting down and abandoning module BlueprintProfiler (235)
[2017.01.16-23.53.37:798][770]LogModuleManager: Shutting down and abandoning module HierarchicalLODOutliner (234)
[2017.01.16-23.53.37:799][770]LogModuleManager: Shutting down and abandoning module CrashTracker (233)
[2017.01.16-23.53.37:799][770]LogModuleManager: Shutting down and abandoning module SceneOutliner (232)
[2017.01.16-23.53.37:799][770]LogModuleManager: Shutting down and abandoning module WidgetCarousel (231)
[2017.01.16-23.53.37:799][770]LogModuleManager: Shutting down and abandoning module AddContentDialog (230)
[2017.01.16-23.53.37:799][770]LogDirectoryWatcher: A directory notification for 'C:/Users/hutia/Documents/UnrealEngine-release/FeaturePacks/' was aborted.
[2017.01.16-23.53.37:800][770]LogModuleManager: Shutting down and abandoning module GameplayTags (229)
[2017.01.16-23.53.37:800][770]LogModuleManager: Shutting down and abandoning module EditorWidgets (228)
[2017.01.16-23.53.37:800][770]LogModuleManager: Shutting down and abandoning module CollectionManager (227)
[2017.01.16-23.53.37:800][770]LogDirectoryWatcher: A directory notification for 'C:/Users/hutia/Documents/Unreal Projects/TPSMulti/Content/Collections/' was aborted.
[2017.01.16-23.53.37:800][770]LogDirectoryWatcher: A directory notification for 'C:/Users/hutia/Documents/Unreal Projects/TPSMulti/Content/Developers/hutia/Collections/' was aborted.
[2017.01.16-23.53.37:800][770]LogDirectoryWatcher: A directory notification for 'C:/Users/hutia/Documents/Unreal Projects/TPSMulti/Saved/Collections/' was aborted.
[2017.01.16-23.53.37:801][770]LogModuleManager: Shutting down and abandoning module StatsViewer (226)
[2017.01.16-23.53.37:801][770]LogModuleManager: Shutting down and abandoning module FoliageEdit (225)
[2017.01.16-23.53.37:801][770]LogModuleManager: Shutting down and abandoning module LandscapeEditor (224)
[2017.01.16-23.53.37:801][770]LogModuleManager: Shutting down and abandoning module SceneDepthPickerMode (223)
[2017.01.16-23.53.37:801][770]LogModuleManager: Shutting down and abandoning module ActorPickerMode (222)
[2017.01.16-23.53.37:801][770]LogModuleManager: Shutting down and abandoning module GeometryMode (221)
[2017.01.16-23.53.37:801][770]LogModuleManager: Shutting down and abandoning module TextureAlignMode (220)
[2017.01.16-23.53.37:801][770]LogModuleManager: Shutting down and abandoning module BspMode (219)
[2017.01.16-23.53.37:801][770]LogModuleManager: Shutting down and abandoning module HardwareSurvey (218)
[2017.01.16-23.53.37:801][770]LogModuleManager: Shutting down and abandoning module SequenceRecorderSections (217)
[2017.01.16-23.53.37:801][770]LogModuleManager: Shutting down and abandoning module AutomationWorker (216)
[2017.01.16-23.53.37:801][770]LogModuleManager: Shutting down and abandoning module MatineeToLevelSequence (215)
[2017.01.16-23.53.37:801][770]LogModuleManager: Shutting down and abandoning module PlacementMode (214)
[2017.01.16-23.53.37:801][770]LogModuleManager: Shutting down and abandoning module LevelSequenceEditor (213)
[2017.01.16-23.53.37:801][770]LogModuleManager: Shutting down and abandoning module WmfMediaFactory (212)
[2017.01.16-23.53.37:801][770]LogModuleManager: Shutting down and abandoning module WmfMediaEditor (211)
[2017.01.16-23.53.37:801][770]LogModuleManager: Shutting down and abandoning module AvfMediaFactory (210)
[2017.01.16-23.53.37:801][770]LogModuleManager: Shutting down and abandoning module AvfMediaEditor (209)
[2017.01.16-23.53.37:801][770]LogModuleManager: Shutting down and abandoning module Media (208)
[2017.01.16-23.53.37:801][770]LogModuleManager: Shutting down and abandoning module AndroidMediaFactory (207)
[2017.01.16-23.53.37:801][770]LogModuleManager: Shutting down and abandoning module AndroidMediaEditor (206)
[2017.01.16-23.53.37:801][770]LogModuleManager: Shutting down and abandoning module CharacterAI (205)
[2017.01.16-23.53.37:801][770]LogModuleManager: Shutting down and abandoning module SequenceRecorder (204)
[2017.01.16-23.53.37:802][770]LogModuleManager: Shutting down and abandoning module AudioCapture (203)
[2017.01.16-23.53.37:802][770]LogModuleManager: Shutting down and abandoning module SmartSnapping (202)
[2017.01.16-23.53.37:802][770]LogModuleManager: Shutting down and abandoning module SessionServices (201)
[2017.01.16-23.53.37:802][770]LogModuleManager: Shutting down and abandoning module ViewportSnapping (200)
[2017.01.16-23.53.37:802][770]LogModuleManager: Shutting down and abandoning module ViewportInteraction (199)
[2017.01.16-23.53.37:802][770]LogModuleManager: Shutting down and abandoning module LogVisualizer (198)
[2017.01.16-23.53.37:802][770]LogModuleManager: Shutting down and abandoning module GameProjectGeneration (197)
[2017.01.16-23.53.37:802][770]LogModuleManager: Shutting down and abandoning module IntroTutorials (196)
[2017.01.16-23.53.37:802][770]LogModuleManager: Shutting down and abandoning module EditorLiveStreaming (195)
[2017.01.16-23.53.37:802][770]LogModuleManager: Shutting down and abandoning module IOSPlatformEditor (194)
[2017.01.16-23.53.37:802][770]LogModuleManager: Shutting down and abandoning module HTML5PlatformEditor (193)
[2017.01.16-23.53.37:802][770]LogModuleManager: Shutting down and abandoning module AndroidDeviceDetection (192)
[2017.01.16-23.53.38:259][770]LogModuleManager: Shutting down and abandoning module AndroidPlatformEditor (191)
[2017.01.16-23.53.38:260][770]LogModuleManager: Shutting down and abandoning module IOSRuntimeSettings (190)
[2017.01.16-23.53.38:260][770]LogModuleManager: Shutting down and abandoning module AndroidRuntimeSettings (189)
[2017.01.16-23.53.38:260][770]LogModuleManager: Shutting down and abandoning module InputBindingEditor (188)
[2017.01.16-23.53.38:260][770]LogModuleManager: Shutting down and abandoning module NiagaraEditor (187)
[2017.01.16-23.53.38:260][770]LogModuleManager: Shutting down and abandoning module MergeActors (186)
[2017.01.16-23.53.38:260][770]LogModuleManager: Shutting down and abandoning module SizeMap (185)
[2017.01.16-23.53.38:260][770]LogModuleManager: Shutting down and abandoning module TreeMap (184)
[2017.01.16-23.53.38:260][770]LogModuleManager: Shutting down and abandoning module ReferenceViewer (183)
[2017.01.16-23.53.38:260][770]LogModuleManager: Shutting down and abandoning module LocalizationService (182)
[2017.01.16-23.53.38:260][770]LogModuleManager: Shutting down and abandoning module LocalizationDashboard (181)
[2017.01.16-23.53.38:260][770]LogModuleManager: Shutting down and abandoning module HardwareTargeting (180)
[2017.01.16-23.53.38:260][770]LogModuleManager: Shutting down and abandoning module DeviceProfileEditor (179)
[2017.01.16-23.53.38:260][770]LogModuleManager: Shutting down and abandoning module UndoHistory (178)
[2017.01.16-23.53.38:260][770]LogModuleManager: Shutting down and abandoning module UserFeedback (177)
[2017.01.16-23.53.38:260][770]LogModuleManager: Shutting down and abandoning module XmlParser (176)
[2017.01.16-23.53.38:260][770]LogModuleManager: Shutting down and abandoning module Blutility (175)
[2017.01.16-23.53.38:260][770]LogModuleManager: Shutting down and abandoning module ProjectTargetPlatformEditor (174)
[2017.01.16-23.53.38:260][770]LogModuleManager: Shutting down and abandoning module ProjectSettingsViewer (173)
[2017.01.16-23.53.38:261][770]LogModuleManager: Shutting down and abandoning module EditorSettingsViewer (172)
[2017.01.16-23.53.38:261][770]LogModuleManager: Shutting down and abandoning module SettingsEditor (171)
[2017.01.16-23.53.38:261][770]LogModuleManager: Shutting down and abandoning module ProjectLauncher (170)
[2017.01.16-23.53.38:261][770]LogModuleManager: Shutting down and abandoning module SessionFrontend (169)
[2017.01.16-23.53.38:261][770]LogModuleManager: Shutting down and abandoning module ProfilerClient (168)
[2017.01.16-23.53.38:261][770]LogModuleManager: Shutting down and abandoning module TargetDeviceServices (167)
[2017.01.16-23.53.38:261][770]LogModuleManager: Shutting down and abandoning module DeviceManager (166)
[2017.01.16-23.53.38:315][770]LogModuleManager: Shutting down and abandoning module AutomationController (165)
[2017.01.16-23.53.38:315][770]LogModuleManager: Shutting down and abandoning module AutomationWindow (164)
[2017.01.16-23.53.38:315][770]LogModuleManager: Shutting down and abandoning module Layers (163)
[2017.01.16-23.53.38:315][770]LogModuleManager: Shutting down and abandoning module ComponentVisualizers (162)
[2017.01.16-23.53.38:315][770]LogModuleManager: Shutting down and abandoning module DetailCustomizations (161)
[2017.01.16-23.53.38:315][770]LogModuleManager: Shutting down and abandoning module PackagesDialog (160)
[2017.01.16-23.53.38:316][770]LogModuleManager: Shutting down and abandoning module AnimGraph (159)
[2017.01.16-23.53.38:316][770]LogModuleManager: Shutting down and abandoning module Persona (158)
[2017.01.16-23.53.38:316][770]LogModuleManager: Shutting down and abandoning module Kismet (157)
[2017.01.16-23.53.38:330][770]LogModuleManager: Shutting down and abandoning module GraphEditor (156)
[2017.01.16-23.53.38:330][770]LogModuleManager: Shutting down and abandoning module ClassViewer (155)
[2017.01.16-23.53.38:332][770]LogModuleManager: Shutting down and abandoning module Toolbox (154)
[2017.01.16-23.53.38:332][770]LogModuleManager: Shutting down and abandoning module ModuleUI (153)
[2017.01.16-23.53.38:332][770]LogModuleManager: Shutting down and abandoning module MovieSceneTools (152)
[2017.01.16-23.53.38:333][770]LogModuleManager: Shutting down and abandoning module OutputLog (151)
[2017.01.16-23.53.38:333][770]LogModuleManager: Shutting down and abandoning module GammaUI (150)
[2017.01.16-23.53.38:333][770]LogModuleManager: Shutting down and abandoning module Documentation (149)
[2017.01.16-23.53.38:333][770]LogModuleManager: Shutting down and abandoning module Niagara (148)
[2017.01.16-23.53.38:333][770]LogModuleManager: Shutting down and abandoning module StreamingPauseRendering (147)
[2017.01.16-23.53.38:333][770]LogModuleManager: Shutting down and abandoning module AnalyticsET (146)
[2017.01.16-23.53.38:333][770]LogModuleManager: Shutting down and abandoning module PortalServices (145)
[2017.01.16-23.53.38:333][770]LogModuleManager: Shutting down and abandoning module PortalRpc (144)
[2017.01.16-23.53.38:333][770]LogModuleManager: Shutting down and abandoning module MessagingRpc (143)
[2017.01.16-23.53.38:333][770]LogModuleManager: Shutting down and abandoning module GameplayDebugger (142)
[2017.01.16-23.53.38:333][770]LogModuleManager: Shutting down and abandoning module AITestSuite (141)
[2017.01.16-23.53.38:333][770]LogModuleManager: Shutting down and abandoning module AIModule (140)
[2017.01.16-23.53.38:333][770]LogModuleManager: Shutting down and abandoning module ProfilerService (139)
[2017.01.16-23.53.38:576][770]LogModuleManager: Shutting down and abandoning module TaskGraph (138)
[2017.01.16-23.53.38:576][770]LogModuleManager: Shutting down and abandoning module SlateRemote (137)
[2017.01.16-23.53.38:576][770]LogModuleManager: Shutting down and abandoning module SteamVRController (136)
[2017.01.16-23.53.38:576][770]LogModuleManager: Shutting down and abandoning module SteamVR (135)
[2017.01.16-23.53.38:576][770]LogModuleManager: Shutting down and abandoning module ProceduralMeshComponentEditor (134)
[2017.01.16-23.53.38:576][770]LogModuleManager: Shutting down and abandoning module ProceduralMeshComponent (133)
[2017.01.16-23.53.38:576][770]LogModuleManager: Shutting down and abandoning module OculusLibrary (132)
[2017.01.16-23.53.38:576][770]LogModuleManager: Shutting down and abandoning module OculusInput (131)
[2017.01.16-23.53.38:576][770]LogModuleManager: Shutting down and abandoning module MobilePatchingUtils (130)
[2017.01.16-23.53.38:576][770]LogModuleManager: Shutting down and abandoning module CustomMeshComponent (129)
[2017.01.16-23.53.38:576][770]LogModuleManager: Shutting down and abandoning module CableComponent (128)
[2017.01.16-23.53.38:576][770]LogModuleManager: Shutting down and abandoning module ArchVisCharacter (127)
[2017.01.16-23.53.38:576][770]LogModuleManager: Shutting down and abandoning module MediaPlayerEditor (125)
[2017.01.16-23.53.38:576][770]LogModuleManager: Shutting down and abandoning module HTML5Networking (124)
[2017.01.16-23.53.38:576][770]LogModuleManager: Shutting down and abandoning module GeometryCacheEd (123)
[2017.01.16-23.53.38:576][770]LogModuleManager: Shutting down and abandoning module GeometryCache (122)
[2017.01.16-23.53.38:576][770]LogModuleManager: Shutting down and abandoning module AlembicLibrary (121)
[2017.01.16-23.53.38:576][770]LogModuleManager: Shutting down and abandoning module AlembicImporter (120)
[2017.01.16-23.53.38:576][770]LogModuleManager: Shutting down and abandoning module SuperSearch (119)
[2017.01.16-23.53.38:576][770]LogModuleManager: Shutting down and abandoning module SuperSearchEditor (118)
[2017.01.16-23.53.38:576][770]LogModuleManager: Shutting down and abandoning module SpeedTreeImporter (117)
[2017.01.16-23.53.38:576][770]LogModuleManager: Shutting down and abandoning module PluginBrowser (116)
[2017.01.16-23.53.38:576][770]LogModuleManager: Shutting down and abandoning module MobileLauncherProfileWizard (115)
[2017.01.16-23.53.38:576][770]LogModuleManager: Shutting down and abandoning module EpicSurvey (114)
[2017.01.16-23.53.38:576][770]LogModuleManager: Shutting down and abandoning module DesktopPlatform (113)
[2017.01.16-23.53.38:576][770]LogModuleManager: Shutting down and abandoning module VisualStudioSourceCodeAccess (112)
[2017.01.16-23.53.38:577][770]LogModuleManager: Shutting down and abandoning module UObjectPlugin (111)
[2017.01.16-23.53.38:577][770]LogModuleManager: Shutting down and abandoning module SubversionSourceControl (110)
[2017.01.16-23.53.38:577][770]LogModuleManager: Shutting down and abandoning module PerforceSourceControl (109)
[2017.01.16-23.53.38:577][770]LogModuleManager: Shutting down and abandoning module SourceControl (108)
[2017.01.16-23.53.38:577][770]LogModuleManager: Shutting down and abandoning module GitSourceControl (107)
[2017.01.16-23.53.38:577][770]LogModuleManager: Shutting down and abandoning module LightPropagationVolumeEditor (106)
[2017.01.16-23.53.38:577][770]LogModuleManager: Shutting down and abandoning module PaperTiledImporter (105)
[2017.01.16-23.53.38:577][770]LogModuleManager: Shutting down and abandoning module PaperSpriteSheetImporter (104)
[2017.01.16-23.53.38:577][770]LogModuleManager: Shutting down and abandoning module MeshPaint (103)
[2017.01.16-23.53.38:577][770]LogModuleManager: Shutting down and abandoning module PixelInspectorModule (102)
[2017.01.16-23.53.38:577][770]LogModuleManager: Shutting down and abandoning module HotReload (101)
[2017.01.16-23.53.38:578][770]LogModuleManager: Shutting down and abandoning module MainFrame (100)
[2017.01.16-23.53.38:578][770]LogModuleManager: Shutting down and abandoning module LevelEditor (99)
[2017.01.16-23.53.38:581][770]LogModuleManager: Shutting down and abandoning module ContentBrowser (98)
[2017.01.16-23.53.38:582][770]LogModuleManager: Shutting down and abandoning module Paper2DEditor (97)
[2017.01.16-23.53.38:583][770]LogModuleManager: Shutting down and abandoning module UdpMessaging (96)
[2017.01.16-23.53.38:683][770]LogModuleManager: Shutting down and abandoning module TcpMessaging (95)
[2017.01.16-23.53.38:783][770]LogModuleManager: Shutting down and abandoning module LightPropagationVolumeRuntime (94)
[2017.01.16-23.53.38:783][770]LogModuleManager: Shutting down and abandoning module Paper2D (93)
[2017.01.16-23.53.38:783][770]LogModuleManager: Shutting down and abandoning module WindowsMoviePlayer (92)
[2017.01.16-23.53.38:783][770]LogModuleManager: Shutting down and abandoning module WmfMedia (91)
[2017.01.16-23.53.38:784][770]LogModuleManager: Shutting down and abandoning module MediaAssets (90)
[2017.01.16-23.53.38:784][770]LogModuleManager: Shutting down and abandoning module GameLiveStreaming (89)
[2017.01.16-23.53.38:784][770]LogModuleManager: Shutting down and abandoning module GameplayTagsEditor (88)
[2017.01.16-23.53.38:784][770]LogModuleManager: Shutting down and abandoning module VREditor (87)
[2017.01.16-23.53.38:784][770]LogModuleManager: Shutting down and abandoning module GameplayTasksEditor (86)
[2017.01.16-23.53.38:784][770]LogModuleManager: Shutting down and abandoning module BehaviorTreeEditor (85)
[2017.01.16-23.53.38:784][770]LogModuleManager: Shutting down and abandoning module FunctionalTesting (84)
[2017.01.16-23.53.38:784][770]LogModuleManager: Shutting down and abandoning module CollisionAnalyzer (83)
[2017.01.16-23.53.38:784][770]LogModuleManager: Shutting down and abandoning module Sequencer (82)
[2017.01.16-23.53.38:785][770]LogModuleManager: Shutting down and abandoning module WorkspaceMenuStructure (81)
[2017.01.16-23.53.38:785][770]LogModuleManager: Shutting down and abandoning module MessageLog (80)
[2017.01.16-23.53.38:785][770]LogModuleManager: Shutting down and abandoning module AssetTools (79)
[2017.01.16-23.53.38:785][770]LogModuleManager: Shutting down and abandoning module UMGEditor (78)
[2017.01.16-23.53.38:785][770]LogModuleManager: Shutting down and abandoning module UMG (77)
[2017.01.16-23.53.38:785][770]LogModuleManager: Shutting down and abandoning module SlateReflector (76)
[2017.01.16-23.53.38:785][770]LogModuleManager: Shutting down and abandoning module Slate (75)
[2017.01.16-23.53.38:785][770]LogModuleManager: Shutting down and abandoning module EditorStyle (74)
[2017.01.16-23.53.38:790][770]LogModuleManager: Shutting down and abandoning module SourceCodeAccess (73)
[2017.01.16-23.53.38:790][770]LogModuleManager: Shutting down and abandoning module HeadMountedDisplay (72)
[2017.01.16-23.53.38:791][770]LogModuleManager: Shutting down and abandoning module XAudio2 (71)
[2017.01.16-23.53.38:791][770]LogModuleManager: Shutting down and abandoning module Networking (69)
[2017.01.16-23.53.38:791][770]LogModuleManager: Shutting down and abandoning module Core (68)
[2017.01.16-23.53.38:791][770]LogModuleManager: Shutting down and abandoning module DirectoryWatcher (67)
[2017.01.16-23.53.38:791][770]LogDirectoryWatcher: A directory notification for '../../../Engine/Content/' was aborted.
[2017.01.16-23.53.38:791][770]LogDirectoryWatcher: A directory notification for '../../../../Unreal Projects/TPSMulti/Content/' was aborted.
[2017.01.16-23.53.38:791][770]LogDirectoryWatcher: A directory notification for '../../../Engine/Plugins/2D/Paper2D/Content/' was aborted.
[2017.01.16-23.53.38:792][770]LogModuleManager: Shutting down and abandoning module AssetRegistry (66)
[2017.01.16-23.53.38:875][770]LogModuleManager: Shutting down and abandoning module KismetCompiler (65)
[2017.01.16-23.53.38:875][770]LogModuleManager: Shutting down and abandoning module PhysXFormats (64)
[2017.01.16-23.53.38:875][770]LogModuleManager: Shutting down and abandoning module QuadricMeshReduction (63)
[2017.01.16-23.53.38:875][770]LogModuleManager: Shutting down and abandoning module PropertyEditor (62)
[2017.01.16-23.53.38:875][770]LogModuleManager: Shutting down and abandoning module MeshUtilities (61)
[2017.01.16-23.53.38:876][770]LogModuleManager: Shutting down and abandoning module DerivedDataCache (60)
[2017.01.16-23.53.38:939][770]LogDerivedDataCache: Shutdown
[2017.01.16-23.53.38:939][770]LogModuleManager: Shutting down and abandoning module VulkanShaderFormat (59)
[2017.01.16-23.53.38:939][770]LogModuleManager: Shutting down and abandoning module MetalShaderFormat (58)
[2017.01.16-23.53.38:939][770]LogModuleManager: Shutting down and abandoning module ShaderFormatD3D (57)
[2017.01.16-23.53.38:939][770]LogModuleManager: Shutting down and abandoning module ShaderFormatOpenGL (56)
[2017.01.16-23.53.38:939][770]LogModuleManager: Shutting down and abandoning module TextureFormatUncompressed (55)
[2017.01.16-23.53.38:939][770]LogModuleManager: Shutting down and abandoning module ImageWrapper (54)
[2017.01.16-23.53.38:939][770]LogModuleManager: Shutting down and abandoning module TextureFormatASTC (53)
[2017.01.16-23.53.38:939][770]LogModuleManager: Shutting down and abandoning module TextureFormatPVR (52)
[2017.01.16-23.53.38:939][770]LogModuleManager: Shutting down and abandoning module TextureFormatDXT (51)
[2017.01.16-23.53.38:939][770]LogModuleManager: Shutting down and abandoning module TextureFormatIntelISPCTexComp (50)
[2017.01.16-23.53.38:939][770]LogModuleManager: Shutting down and abandoning module AudioFormatOpus (49)
[2017.01.16-23.53.38:939][770]LogModuleManager: Shutting down and abandoning module AudioFormatOgg (48)
[2017.01.16-23.53.38:939][770]LogModuleManager: Shutting down and abandoning module AudioFormatADPCM (47)
[2017.01.16-23.53.38:939][770]LogModuleManager: Shutting down and abandoning module TVOSTargetPlatform (46)
[2017.01.16-23.53.38:939][770]LogModuleManager: Shutting down and abandoning module Messaging (45)
[2017.01.16-23.53.38:939][770]LogModuleManager: Shutting down and abandoning module IOSTargetPlatform (44)
[2017.01.16-23.53.38:939][770]LogModuleManager: Shutting down and abandoning module HTML5TargetPlatform (43)
[2017.01.16-23.53.38:939][770]LogModuleManager: Shutting down and abandoning module Android_MultiTargetPlatform (42)
[2017.01.16-23.53.38:940][770]LogModuleManager: Shutting down and abandoning module Android_ASTCTargetPlatform (41)
[2017.01.16-23.53.38:940][770]LogModuleManager: Shutting down and abandoning module Android_ETC2TargetPlatform (40)
[2017.01.16-23.53.38:940][770]LogModuleManager: Shutting down and abandoning module Android_ETC1TargetPlatform (39)
[2017.01.16-23.53.38:940][770]LogModuleManager: Shutting down and abandoning module Android_DXTTargetPlatform (38)
[2017.01.16-23.53.38:940][770]LogModuleManager: Shutting down and abandoning module Android_ATCTargetPlatform (37)
[2017.01.16-23.53.38:940][770]LogModuleManager: Shutting down and abandoning module Android_PVRTCTargetPlatform (36)
[2017.01.16-23.53.38:940][770]LogModuleManager: Shutting down and abandoning module AndroidTargetPlatform (35)
[2017.01.16-23.53.38:940][770]LogModuleManager: Shutting down and abandoning module AllDesktopTargetPlatform (34)
[2017.01.16-23.53.38:940][770]LogModuleManager: Shutting down and abandoning module WindowsClientTargetPlatform (33)
[2017.01.16-23.53.38:940][770]LogModuleManager: Shutting down and abandoning module WindowsServerTargetPlatform (32)
[2017.01.16-23.53.38:940][770]LogModuleManager: Shutting down and abandoning module WindowsNoEditorTargetPlatform (31)
[2017.01.16-23.53.38:940][770]LogModuleManager: Shutting down and abandoning module WindowsTargetPlatform (30)
[2017.01.16-23.53.38:940][770]LogModuleManager: Shutting down and abandoning module MacClientTargetPlatform (29)
[2017.01.16-23.53.38:940][770]LogModuleManager: Shutting down and abandoning module MacServerTargetPlatform (28)
[2017.01.16-23.53.38:940][770]LogModuleManager: Shutting down and abandoning module MacNoEditorTargetPlatform (27)
[2017.01.16-23.53.38:940][770]LogModuleManager: Shutting down and abandoning module MacTargetPlatform (26)
[2017.01.16-23.53.38:940][770]LogModuleManager: Shutting down and abandoning module TargetPlatform (25)
[2017.01.16-23.53.38:940][770]LogModuleManager: Shutting down and abandoning module InputCore (24)
[2017.01.16-23.53.38:940][770]LogModuleManager: Shutting down and abandoning module Settings (23)
[2017.01.16-23.53.38:940][770]LogModuleManager: Shutting down and abandoning module OculusRift (22)
[2017.01.16-23.53.38:940][770]LogModuleManager: Shutting down and abandoning module ExampleDeviceProfileSelector (21)
[2017.01.16-23.53.38:940][770]LogModuleManager: Shutting down and abandoning module OnlineBlueprintSupport (20)
[2017.01.16-23.53.38:940][770]LogModuleManager: Shutting down and abandoning module OnlineSubsystem (18)
[2017.01.16-23.53.38:940][770]LogOnline:Display: Unloading online subsystem: NULL
[2017.01.16-23.53.38:940][770]LogModuleManager: Shutting down and abandoning module SSL (17)
[2017.01.16-23.53.38:944][770]LogModuleManager: Shutting down and abandoning module HTTP (16)
[2017.01.16-23.53.38:944][770]LogModuleManager: Shutting down and abandoning module TextureCompressor (14)
[2017.01.16-23.53.38:944][770]LogModuleManager: Shutting down and abandoning module ShaderCore (13)
[2017.01.16-23.53.38:944][770]LogModuleManager: Shutting down and abandoning module Landscape (12)
[2017.01.16-23.53.38:944][770]LogModuleManager: Shutting down and abandoning module SlateRHIRenderer (11)
[2017.01.16-23.53.38:949][770]LogModuleManager: Shutting down and abandoning module OpenGLDrv (10)
[2017.01.16-23.53.38:949][770]LogModuleManager: Shutting down and abandoning module D3D11RHI (9)
[2017.01.16-23.53.38:949][770]LogModuleManager: Shutting down and abandoning module AnimGraphRuntime (8)
[2017.01.16-23.53.38:949][770]LogModuleManager: Shutting down and abandoning module Renderer (7)
[2017.01.16-23.53.38:949][770]LogModuleManager: Shutting down and abandoning module Engine (6)
[2017.01.16-23.53.38:949][770]LogModuleManager: Shutting down and abandoning module CoreUObject (5)
[2017.01.16-23.53.38:949][770]LogModuleManager: Shutting down and abandoning module NetworkFile (4)
[2017.01.16-23.53.38:949][770]LogModuleManager: Shutting down and abandoning module StreamingFile (3)
[2017.01.16-23.53.38:949][770]LogModuleManager: Shutting down and abandoning module SandboxFile (2)
[2017.01.16-23.53.38:949][770]LogModuleManager: Shutting down and abandoning module PakFile (1)
[2017.01.16-23.53.38:957][770]LogExit: Exiting.
[2017.01.16-23.53.38:982][770]Log file closed, 01/16/17 13:53:38
